#
# There is insufficient memory for the Java Runtime Environment to continue.
# Native memory allocation (mmap) failed to map 56623104 bytes for G1 virtual space
# Possible reasons:
#   The system is out of physical RAM or swap space
#   The process is running with CompressedOops enabled, and the Java Heap may be blocking the growth of the native heap
# Possible solutions:
#   Reduce memory load on the system
#   Increase physical memory or swap space
#   Check if swap backing store is full
#   Decrease Java heap size (-Xmx/-Xms)
#   Decrease number of Java threads
#   Decrease Java thread stack sizes (-Xss)
#   Set larger code cache with -XX:ReservedCodeCacheSize=
#   JVM is running with Unscaled Compressed Oops mode in which the Java heap is
#     placed in the first 4GB address space. The Java Heap base address is the
#     maximum limit for the native heap growth. Please use -XX:HeapBaseMinAddress
#     to set the Java Heap base and to place the Java Heap above 4GB virtual address.
# This output file may be truncated or incomplete.
#
#  Out of Memory Error (os_windows.cpp:3552), pid=21204, tid=15744
#
# JRE version:  (17.0.9+11) (build )
# Java VM: Java HotSpot(TM) 64-Bit Server VM (17.0.9+11-LTS-201, mixed mode, sharing, tiered, compressed oops, compressed class ptrs, g1 gc, windows-amd64)
# No core dump will be written. Minidumps are not enabled by default on client versions of Windows
#

---------------  S U M M A R Y ------------

Command Line: -Dclassworlds.conf=C:\Program Files\Java\apache-maven-3.9.5-bin\apache-maven-3.9.5\bin\m2.conf -Dmaven.home=C:\Program Files\Java\apache-maven-3.9.5-bin\apache-maven-3.9.5 -Dlibrary.jansi.path=C:\Program Files\Java\apache-maven-3.9.5-bin\apache-maven-3.9.5\lib\jansi-native -Dmaven.multiModuleProjectDirectory=C:\Users\juanc\OneDrive\Escritorio\ProyectoFinal org.codehaus.plexus.classworlds.launcher.Launcher -Dmaven.ext.class.path=C:\Program Files\NetBeans-17\netbeans\java\maven-nblib\netbeans-eventspy.jar -Dfile.encoding=UTF-8 --no-transfer-progress org.springframework.boot:spring-boot-maven-plugin:2.7.17:run

Host: AMD Ryzen 3 5300U with Radeon Graphics         , 8 cores, 3G,  Windows 10 , 64 bit Build 19041 (10.0.19041.3636)
Time: Tue Nov 21 16:25:01 2023 Hora estándar de Argentina elapsed time: 0.202794 seconds (0d 0h 0m 0s)

---------------  T H R E A D  ---------------

Current thread (0x000001e7b6501e10):  JavaThread "Unknown thread" [_thread_in_vm, id=15744, stack(0x0000002079f00000,0x000000207a000000)]

Stack: [0x0000002079f00000,0x000000207a000000]
Native frames: (J=compiled Java code, j=interpreted, Vv=VM code, C=native code)
V  [jvm.dll+0x678a4a]
V  [jvm.dll+0x7d9cfd]
V  [jvm.dll+0x7db60e]
V  [jvm.dll+0x7dbc73]
V  [jvm.dll+0x245e1f]
V  [jvm.dll+0x6758f9]
V  [jvm.dll+0x66a2a2]
V  [jvm.dll+0x303686]
V  [jvm.dll+0x30ac06]
V  [jvm.dll+0x35a48e]
V  [jvm.dll+0x35a6bf]
V  [jvm.dll+0x2da678]
V  [jvm.dll+0x2db5e4]
V  [jvm.dll+0x7ab6b1]
V  [jvm.dll+0x368041]
V  [jvm.dll+0x78a749]
V  [jvm.dll+0x3ebd4f]
V  [jvm.dll+0x3ed7d1]
C  [jli.dll+0x5297]
C  [ucrtbase.dll+0x21bb2]
C  [KERNEL32.DLL+0x17344]
C  [ntdll.dll+0x526b1]


---------------  P R O C E S S  ---------------

Threads class SMR info:
_java_thread_list=0x00007ffeef7989d8, length=0, elements={
}

Java Threads: ( => current thread )

Other Threads:
  0x000001e7b6539570 GCTaskThread "GC Thread#0" [stack: 0x000000207a000000,0x000000207a100000] [id=10664]
  0x000001e7b6541080 ConcurrentGCThread "G1 Main Marker" [stack: 0x000000207a100000,0x000000207a200000] [id=19072]
  0x000001e7b6541a90 ConcurrentGCThread "G1 Conc#0" [stack: 0x000000207a200000,0x000000207a300000] [id=6028]

[error occurred during error reporting (printing all threads), id 0xc0000005, EXCEPTION_ACCESS_VIOLATION (0xc0000005) at pc=0x00007ffeeefcb2d7]

VM state: not at safepoint (not fully initialized)

VM Mutex/Monitor currently owned by a thread:  ([mutex/lock_event])
[0x000001e7b64fd1f0] Heap_lock - owner thread: 0x000001e7b6501e10

Heap address: 0x00000000ca200000, size: 862 MB, Compressed Oops mode: 32-bit

CDS archive(s) mapped at: [0x0000000000000000-0x0000000000000000-0x0000000000000000), size 0, SharedBaseAddress: 0x0000000800000000, ArchiveRelocationMode: 1.
Narrow klass base: 0x0000000000000000, Narrow klass shift: 0, Narrow klass range: 0x0

GC Precious Log:
<Empty>

Heap:
 garbage-first heap   total 0K, used 0K [0x00000000ca200000, 0x0000000100000000)
  region size 1024K, 0 young (0K), 0 survivors (0K)

[error occurred during error reporting (printing heap information), id 0xc0000005, EXCEPTION_ACCESS_VIOLATION (0xc0000005) at pc=0x00007ffeef3b2229]

GC Heap History (0 events):
No events

Deoptimization events (0 events):
No events

Classes unloaded (0 events):
No events

Classes redefined (0 events):
No events

Internal exceptions (0 events):
No events

VM Operations (0 events):
No events

Events (1 events):
Event: 0.067 Loaded shared library C:\Program Files\Java\jdk-17\bin\java.dll


Dynamic libraries:
0x00007ff66cba0000 - 0x00007ff66cbb0000 	C:\Program Files\Java\jdk-17\bin\java.exe
0x00007fff85bd0000 - 0x00007fff85dc8000 	C:\Windows\SYSTEM32\ntdll.dll
0x00007fff84550000 - 0x00007fff8460d000 	C:\Windows\System32\KERNEL32.DLL
0x00007fff836e0000 - 0x00007fff839d6000 	C:\Windows\System32\KERNELBASE.dll
0x00007fff83380000 - 0x00007fff83480000 	C:\Windows\System32\ucrtbase.dll
0x00007fff78a80000 - 0x00007fff78a9b000 	C:\Program Files\Java\jdk-17\bin\VCRUNTIME140.dll
0x00007fff62c50000 - 0x00007fff62c69000 	C:\Program Files\Java\jdk-17\bin\jli.dll
0x00007fff85a20000 - 0x00007fff85acf000 	C:\Windows\System32\ADVAPI32.dll
0x00007fff844b0000 - 0x00007fff8454e000 	C:\Windows\System32\msvcrt.dll
0x00007fff84af0000 - 0x00007fff84b8c000 	C:\Windows\System32\sechost.dll
0x00007fff83ce0000 - 0x00007fff83e06000 	C:\Windows\System32\RPCRT4.dll
0x00007fff850d0000 - 0x00007fff8526e000 	C:\Windows\System32\USER32.dll
0x00007fff83350000 - 0x00007fff83372000 	C:\Windows\System32\win32u.dll
0x00007fff84f60000 - 0x00007fff84f8c000 	C:\Windows\System32\GDI32.dll
0x00007fff83530000 - 0x00007fff8364a000 	C:\Windows\System32\gdi32full.dll
0x00007fff832b0000 - 0x00007fff8334d000 	C:\Windows\System32\msvcp_win.dll
0x00007fff667e0000 - 0x00007fff66a7a000 	C:\Windows\WinSxS\amd64_microsoft.windows.common-controls_6595b64144ccf1df_6.0.19041.3636_none_60b6a03d71f818d5\COMCTL32.dll
0x00007fff79360000 - 0x00007fff7936a000 	C:\Windows\SYSTEM32\VERSION.dll
0x00007fff85ad0000 - 0x00007fff85b00000 	C:\Windows\System32\IMM32.DLL
0x00007fff6f6a0000 - 0x00007fff6f6ac000 	C:\Program Files\Java\jdk-17\bin\vcruntime140_1.dll
0x00007fff50470000 - 0x00007fff504fe000 	C:\Program Files\Java\jdk-17\bin\msvcp140.dll
0x00007ffeeece0000 - 0x00007ffeef8c1000 	C:\Program Files\Java\jdk-17\bin\server\jvm.dll
0x00007fff84e60000 - 0x00007fff84e68000 	C:\Windows\System32\PSAPI.DLL
0x00007fff78aa0000 - 0x00007fff78aa9000 	C:\Windows\SYSTEM32\WSOCK32.dll
0x00007fff84b90000 - 0x00007fff84bfb000 	C:\Windows\System32\WS2_32.dll
0x00007fff79330000 - 0x00007fff79357000 	C:\Windows\SYSTEM32\WINMM.dll
0x00007fff81b00000 - 0x00007fff81b12000 	C:\Windows\SYSTEM32\kernel.appcore.dll
0x00007fff6f620000 - 0x00007fff6f62a000 	C:\Program Files\Java\jdk-17\bin\jimage.dll
0x00007fff80f20000 - 0x00007fff81104000 	C:\Windows\SYSTEM32\DBGHELP.DLL
0x00007fff76990000 - 0x00007fff769c4000 	C:\Windows\SYSTEM32\dbgcore.DLL
0x00007fff83650000 - 0x00007fff836d2000 	C:\Windows\System32\bcryptPrimitives.dll
0x00007fff6f630000 - 0x00007fff6f655000 	C:\Program Files\Java\jdk-17\bin\java.dll

dbghelp: loaded successfully - version: 4.0.5 - missing functions: none
symbol engine: initialized successfully - sym options: 0x614 - pdb path: .;C:\Program Files\Java\jdk-17\bin;C:\Windows\SYSTEM32;C:\Windows\WinSxS\amd64_microsoft.windows.common-controls_6595b64144ccf1df_6.0.19041.3636_none_60b6a03d71f818d5;C:\Program Files\Java\jdk-17\bin\server

VM Arguments:
jvm_args: -Dclassworlds.conf=C:\Program Files\Java\apache-maven-3.9.5-bin\apache-maven-3.9.5\bin\m2.conf -Dmaven.home=C:\Program Files\Java\apache-maven-3.9.5-bin\apache-maven-3.9.5 -Dlibrary.jansi.path=C:\Program Files\Java\apache-maven-3.9.5-bin\apache-maven-3.9.5\lib\jansi-native -Dmaven.multiModuleProjectDirectory=C:\Users\juanc\OneDrive\Escritorio\ProyectoFinal 
java_command: org.codehaus.plexus.classworlds.launcher.Launcher -Dmaven.ext.class.path=C:\Program Files\NetBeans-17\netbeans\java\maven-nblib\netbeans-eventspy.jar -Dfile.encoding=UTF-8 --no-transfer-progress org.springframework.boot:spring-boot-maven-plugin:2.7.17:run
java_class_path (initial): C:\Program Files\Java\apache-maven-3.9.5-bin\apache-maven-3.9.5\boot\plexus-classworlds-2.7.0.jar
Launcher Type: SUN_STANDARD

[Global flags]
     intx CICompilerCount                          = 4                                         {product} {ergonomic}
     uint ConcGCThreads                            = 2                                         {product} {ergonomic}
     uint G1ConcRefinementThreads                  = 8                                         {product} {ergonomic}
   size_t G1HeapRegionSize                         = 1048576                                   {product} {ergonomic}
    uintx GCDrainStackTargetSize                   = 64                                        {product} {ergonomic}
   size_t InitialHeapSize                          = 56623104                                  {product} {ergonomic}
   size_t MarkStackSize                            = 4194304                                   {product} {ergonomic}
   size_t MaxHeapSize                              = 903872512                                 {product} {ergonomic}
   size_t MinHeapDeltaBytes                        = 1048576                                   {product} {ergonomic}
   size_t MinHeapSize                              = 8388608                                   {product} {ergonomic}
    uintx NonNMethodCodeHeapSize                   = 5839372                                {pd product} {ergonomic}
    uintx NonProfiledCodeHeapSize                  = 122909434                              {pd product} {ergonomic}
    uintx ProfiledCodeHeapSize                     = 122909434                              {pd product} {ergonomic}
    uintx ReservedCodeCacheSize                    = 251658240                              {pd product} {ergonomic}
     bool SegmentedCodeCache                       = true                                      {product} {ergonomic}
   size_t SoftMaxHeapSize                          = 903872512                              {manageable} {ergonomic}
     bool UseCompressedClassPointers               = true                           {product lp64_product} {ergonomic}
     bool UseCompressedOops                        = true                           {product lp64_product} {ergonomic}
     bool UseG1GC                                  = true                                      {product} {ergonomic}
     bool UseLargePagesIndividualAllocation        = false                                  {pd product} {ergonomic}

Logging:
Log output configuration:
 #0: stdout all=warning uptime,level,tags
 #1: stderr all=off uptime,level,tags

Environment Variables:
JAVA_HOME=C:\Program Files\Java\jdk-17
PATH=C:\Program Files\Common Files\Oracle\Java\javapath;C:\ProgramData\Oracle\Java\javapath;C:\Windows\system32;C:\Windows;C:\Windows\System32\Wbem;C:\Windows\System32\WindowsPowerShell\v1.0\;C:\Windows\System32\OpenSSH\;C:\Program Files\Git\cmd;C:\Program Files\Java\jdk-17\bin;C:\Program Files\nodejs\;C:\Program Files\Java\apache-maven-3.9.5\bin;C:\Program Files\Java\jre1.8.0_111\bin;C:\Program Files\Java\jdk-17\bin;C:\Users\juanc\AppData\Local\Microsoft\WindowsApps;C:\Users\juanc\AppData\Local\Programs\Microsoft VS Code\bin;C:\Users\juanc\AppData\Roaming\npm;C:\Users\juanc\AppData\Local\GitHubDesktop\bin
USERNAME=juanc
OS=Windows_NT
PROCESSOR_IDENTIFIER=AMD64 Family 23 Model 104 Stepping 1, AuthenticAMD



---------------  S Y S T E M  ---------------

OS:
 Windows 10 , 64 bit Build 19041 (10.0.19041.3636)
OS uptime: 1 days 5:52 hours

CPU: total 8 (initial active 8) (8 cores per cpu, 2 threads per core) family 23 model 104 stepping 1 microcode 0x0, cx8, cmov, fxsr, ht, mmx, 3dnowpref, sse, sse2, sse3, ssse3, sse4a, sse4.1, sse4.2, popcnt, lzcnt, tsc, tscinvbit, avx, avx2, aes, clmul, bmi1, bmi2, adx, sha, fma, vzeroupper, clflush, clflushopt

Memory: 4k page, system-wide physical 3446M (49M free)
TotalPageFile size 14198M (AvailPageFile size 51M)
current process WorkingSet (physical memory assigned to process): 10M, peak: 10M
current process commit charge ("private bytes"): 59M, peak: 113M

vm_info: Java HotSpot(TM) 64-Bit Server VM (17.0.9+11-LTS-201) for windows-amd64 JRE (17.0.9+11-LTS-201), built on Oct 10 2023 23:16:06 by "mach5one" with MS VC++ 17.1 (VS2022)

END.
