#
# There is insufficient memory for the Java Runtime Environment to continue.
# Native memory allocation (malloc) failed to allocate 813456 bytes for Chunk::new
# Possible reasons:
#   The system is out of physical RAM or swap space
#   The process is running with CompressedOops enabled, and the Java Heap may be blocking the growth of the native heap
# Possible solutions:
#   Reduce memory load on the system
#   Increase physical memory or swap space
#   Check if swap backing store is full
#   Decrease Java heap size (-Xmx/-Xms)
#   Decrease number of Java threads
#   Decrease Java thread stack sizes (-Xss)
#   Set larger code cache with -XX:ReservedCodeCacheSize=
#   JVM is running with Unscaled Compressed Oops mode in which the Java heap is
#     placed in the first 4GB address space. The Java Heap base address is the
#     maximum limit for the native heap growth. Please use -XX:HeapBaseMinAddress
#     to set the Java Heap base and to place the Java Heap above 4GB virtual address.
# This output file may be truncated or incomplete.
#
#  Out of Memory Error (arena.cpp:189), pid=5068, tid=7360
#
# JRE version: Java(TM) SE Runtime Environment (17.0.9+11) (build 17.0.9+11-LTS-201)
# Java VM: Java HotSpot(TM) 64-Bit Server VM (17.0.9+11-LTS-201, mixed mode, sharing, tiered, compressed oops, compressed class ptrs, g1 gc, windows-amd64)
# No core dump will be written. Minidumps are not enabled by default on client versions of Windows
#

---------------  S U M M A R Y ------------

Command Line: -Dclassworlds.conf=C:\Program Files\Java\apache-maven-3.9.5-bin\apache-maven-3.9.5\bin\m2.conf -Dmaven.home=C:\Program Files\Java\apache-maven-3.9.5-bin\apache-maven-3.9.5 -Dlibrary.jansi.path=C:\Program Files\Java\apache-maven-3.9.5-bin\apache-maven-3.9.5\lib\jansi-native -Dmaven.multiModuleProjectDirectory=C:\Users\juanc\OneDrive\Escritorio\ProyectoFinal org.codehaus.plexus.classworlds.launcher.Launcher -Dmaven.ext.class.path=C:\Program Files\NetBeans-17\netbeans\java\maven-nblib\netbeans-eventspy.jar -Dfile.encoding=UTF-8 --no-transfer-progress org.springframework.boot:spring-boot-maven-plugin:2.7.17:run

Host: AMD Ryzen 3 5300U with Radeon Graphics         , 8 cores, 3G,  Windows 10 , 64 bit Build 19041 (10.0.19041.3636)
Time: Tue Nov 21 16:24:55 2023 Hora estándar de Argentina elapsed time: 34.459177 seconds (0d 0h 0m 34s)

---------------  T H R E A D  ---------------

Current thread (0x00000287f8d41b60):  JavaThread "C2 CompilerThread0" daemon [_thread_in_native, id=7360, stack(0x000000dffb800000,0x000000dffb900000)]


Current CompileTask:
C2:  34459 4446       4       jdk.internal.org.objectweb.asm.Frame::execute (2305 bytes)

Stack: [0x000000dffb800000,0x000000dffb900000]
Native frames: (J=compiled Java code, j=interpreted, Vv=VM code, C=native code)
V  [jvm.dll+0x678a4a]
V  [jvm.dll+0x7d9cfd]
V  [jvm.dll+0x7db60e]
V  [jvm.dll+0x7dbc73]
V  [jvm.dll+0x245e1f]
V  [jvm.dll+0xaaafb]
V  [jvm.dll+0xab09c]
V  [jvm.dll+0x2ab7ef]
V  [jvm.dll+0x5812e5]
V  [jvm.dll+0x220c52]
V  [jvm.dll+0x219c3f]
V  [jvm.dll+0x217459]
V  [jvm.dll+0x1a3bc0]
V  [jvm.dll+0x2272de]
V  [jvm.dll+0x22548b]
V  [jvm.dll+0x78f58c]
V  [jvm.dll+0x78998a]
V  [jvm.dll+0x677875]
C  [ucrtbase.dll+0x21bb2]
C  [KERNEL32.DLL+0x17344]
C  [ntdll.dll+0x526b1]


---------------  P R O C E S S  ---------------

Threads class SMR info:
_java_thread_list=0x0000028796b3abe0, length=12, elements={
0x00000287f8c71ab0, 0x00000287f8d24ec0, 0x00000287f8d25d40, 0x00000287f8d3ce70,
0x00000287f8d3da30, 0x00000287f8d40400, 0x00000287f8d40dc0, 0x00000287f8d41b60,
0x00000287f8d4dc80, 0x00000287f8d4e290, 0x0000028796b62c70, 0x0000028796b6f730
}

Java Threads: ( => current thread )
  0x00000287f8c71ab0 JavaThread "main" [_thread_in_Java, id=5420, stack(0x000000dffaa00000,0x000000dffab00000)]
  0x00000287f8d24ec0 JavaThread "Reference Handler" daemon [_thread_blocked, id=9708, stack(0x000000dffb200000,0x000000dffb300000)]
  0x00000287f8d25d40 JavaThread "Finalizer" daemon [_thread_blocked, id=14644, stack(0x000000dffb300000,0x000000dffb400000)]
  0x00000287f8d3ce70 JavaThread "Signal Dispatcher" daemon [_thread_blocked, id=6576, stack(0x000000dffb400000,0x000000dffb500000)]
  0x00000287f8d3da30 JavaThread "Attach Listener" daemon [_thread_blocked, id=21936, stack(0x000000dffb500000,0x000000dffb600000)]
  0x00000287f8d40400 JavaThread "Service Thread" daemon [_thread_blocked, id=12836, stack(0x000000dffb600000,0x000000dffb700000)]
  0x00000287f8d40dc0 JavaThread "Monitor Deflation Thread" daemon [_thread_blocked, id=21164, stack(0x000000dffb700000,0x000000dffb800000)]
=>0x00000287f8d41b60 JavaThread "C2 CompilerThread0" daemon [_thread_in_native, id=7360, stack(0x000000dffb800000,0x000000dffb900000)]
  0x00000287f8d4dc80 JavaThread "C1 CompilerThread0" daemon [_thread_blocked, id=20660, stack(0x000000dffb900000,0x000000dffba00000)]
  0x00000287f8d4e290 JavaThread "Sweeper thread" daemon [_thread_blocked, id=8576, stack(0x000000dffba00000,0x000000dffbb00000)]
  0x0000028796b62c70 JavaThread "Notification Thread" daemon [_thread_blocked, id=21576, stack(0x000000dffbb00000,0x000000dffbc00000)]
  0x0000028796b6f730 JavaThread "Common-Cleaner" daemon [_thread_blocked, id=22400, stack(0x000000dffbd00000,0x000000dffbe00000)]

Other Threads:
  0x00000287f8d1f250 VMThread "VM Thread" [stack: 0x000000dffb100000,0x000000dffb200000] [id=20616]
  0x000002879691d900 WatcherThread [stack: 0x000000dffbc00000,0x000000dffbd00000] [id=17628]
  0x00000287f8ca9210 GCTaskThread "GC Thread#0" [stack: 0x000000dffac00000,0x000000dffad00000] [id=13400]
  0x00000287969e8490 GCTaskThread "GC Thread#1" [stack: 0x000000dffbe00000,0x000000dffbf00000] [id=16756]
  0x00000287dc3e8640 GCTaskThread "GC Thread#2" [stack: 0x000000dffbf00000,0x000000dffc000000] [id=18224]
  0x00000287dc3e8900 GCTaskThread "GC Thread#3" [stack: 0x000000dffc000000,0x000000dffc100000] [id=9148]
  0x00000287dc404320 GCTaskThread "GC Thread#4" [stack: 0x000000dffc100000,0x000000dffc200000] [id=15460]
  0x00000287dc4045e0 GCTaskThread "GC Thread#5" [stack: 0x000000dffc200000,0x000000dffc300000] [id=12520]
  0x00000287dc2ab6a0 GCTaskThread "GC Thread#6" [stack: 0x000000dffc300000,0x000000dffc400000] [id=2620]
  0x00000287dc2ab960 GCTaskThread "GC Thread#7" [stack: 0x000000dffc400000,0x000000dffc500000] [id=9024]
  0x00000287f8cb0d20 ConcurrentGCThread "G1 Main Marker" [stack: 0x000000dffad00000,0x000000dffae00000] [id=12724]
  0x00000287f8cb1730 ConcurrentGCThread "G1 Conc#0" [stack: 0x000000dffae00000,0x000000dffaf00000] [id=23336]
  0x00000287f8cfea60 ConcurrentGCThread "G1 Refine#0" [stack: 0x000000dffaf00000,0x000000dffb000000] [id=19808]
  0x00000287f8cff490 ConcurrentGCThread "G1 Service" [stack: 0x000000dffb000000,0x000000dffb100000] [id=6392]

Threads with active compile tasks:
C2 CompilerThread0    34520 4446       4       jdk.internal.org.objectweb.asm.Frame::execute (2305 bytes)
C1 CompilerThread0    34520 4458       1       org.codehaus.plexus.util.MatchPattern::getTokenizedPathString (5 bytes)

VM state: not at safepoint (normal execution)

VM Mutex/Monitor currently owned by a thread: None

Heap address: 0x00000000ca200000, size: 862 MB, Compressed Oops mode: 32-bit

CDS archive(s) mapped at: [0x0000028797000000-0x0000028797bd0000-0x0000028797bd0000), size 12386304, SharedBaseAddress: 0x0000028797000000, ArchiveRelocationMode: 1.
Compressed class space mapped at: 0x0000028798000000-0x00000287d8000000, reserved size: 1073741824
Narrow klass base: 0x0000028797000000, Narrow klass shift: 0, Narrow klass range: 0x100000000

GC Precious Log:
 CPUs: 8 total, 8 available
 Memory: 3446M
 Large Page Support: Disabled
 NUMA Support: Disabled
 Compressed Oops: Enabled (32-bit)
 Heap Region Size: 1M
 Heap Min Capacity: 8M
 Heap Initial Capacity: 54M
 Heap Max Capacity: 862M
 Pre-touch: Disabled
 Parallel Workers: 8
 Concurrent Workers: 2
 Concurrent Refinement Workers: 8
 Periodic GC: Disabled

Heap:
 garbage-first heap   total 55296K, used 23754K [0x00000000ca200000, 0x0000000100000000)
  region size 1024K, 15 young (15360K), 4 survivors (4096K)
 Metaspace       used 16913K, committed 17152K, reserved 1114112K
  class space    used 1954K, committed 2048K, reserved 1048576K

Heap Regions: E=young(eden), S=young(survivor), O=old, HS=humongous(starts), HC=humongous(continues), CS=collection set, F=free, OA=open archive, CA=closed archive, TAMS=top-at-mark-start (previous, next)
|   0|0x00000000ca200000, 0x00000000ca300000, 0x00000000ca300000|100%| O|  |TAMS 0x00000000ca200000, 0x00000000ca200000| Untracked 
|   1|0x00000000ca300000, 0x00000000ca400000, 0x00000000ca400000|100%| O|  |TAMS 0x00000000ca300000, 0x00000000ca300000| Untracked 
|   2|0x00000000ca400000, 0x00000000ca500000, 0x00000000ca500000|100%| O|  |TAMS 0x00000000ca400000, 0x00000000ca400000| Untracked 
|   3|0x00000000ca500000, 0x00000000ca600000, 0x00000000ca600000|100%| O|  |TAMS 0x00000000ca500000, 0x00000000ca500000| Untracked 
|   4|0x00000000ca600000, 0x00000000ca700000, 0x00000000ca700000|100%| O|  |TAMS 0x00000000ca600000, 0x00000000ca600000| Untracked 
|   5|0x00000000ca700000, 0x00000000ca800000, 0x00000000ca800000|100%| O|  |TAMS 0x00000000ca700000, 0x00000000ca700000| Untracked 
|   6|0x00000000ca800000, 0x00000000ca900000, 0x00000000ca900000|100%| O|  |TAMS 0x00000000ca800000, 0x00000000ca800000| Untracked 
|   7|0x00000000ca900000, 0x00000000caa00000, 0x00000000caa00000|100%| O|  |TAMS 0x00000000ca900000, 0x00000000ca900000| Untracked 
|   8|0x00000000caa00000, 0x00000000cab00000, 0x00000000cab00000|100%| O|  |TAMS 0x00000000caa00000, 0x00000000caa00000| Untracked 
|   9|0x00000000cab00000, 0x00000000cac00000, 0x00000000cac00000|100%| O|  |TAMS 0x00000000cab00000, 0x00000000cab00000| Untracked 
|  10|0x00000000cac00000, 0x00000000cad00000, 0x00000000cad00000|100%| O|  |TAMS 0x00000000cac00000, 0x00000000cac00000| Untracked 
|  11|0x00000000cad00000, 0x00000000cad00000, 0x00000000cae00000|  0%| F|  |TAMS 0x00000000cad00000, 0x00000000cad00000| Untracked 
|  12|0x00000000cae00000, 0x00000000cae00000, 0x00000000caf00000|  0%| F|  |TAMS 0x00000000cae00000, 0x00000000cae00000| Untracked 
|  13|0x00000000caf00000, 0x00000000caf00000, 0x00000000cb000000|  0%| F|  |TAMS 0x00000000caf00000, 0x00000000caf00000| Untracked 
|  14|0x00000000cb000000, 0x00000000cb000000, 0x00000000cb100000|  0%| F|  |TAMS 0x00000000cb000000, 0x00000000cb000000| Untracked 
|  15|0x00000000cb100000, 0x00000000cb100000, 0x00000000cb200000|  0%| F|  |TAMS 0x00000000cb100000, 0x00000000cb100000| Untracked 
|  16|0x00000000cb200000, 0x00000000cb200000, 0x00000000cb300000|  0%| F|  |TAMS 0x00000000cb200000, 0x00000000cb200000| Untracked 
|  17|0x00000000cb300000, 0x00000000cb300000, 0x00000000cb400000|  0%| F|  |TAMS 0x00000000cb300000, 0x00000000cb300000| Untracked 
|  18|0x00000000cb400000, 0x00000000cb400000, 0x00000000cb500000|  0%| F|  |TAMS 0x00000000cb400000, 0x00000000cb400000| Untracked 
|  19|0x00000000cb500000, 0x00000000cb500000, 0x00000000cb600000|  0%| F|  |TAMS 0x00000000cb500000, 0x00000000cb500000| Untracked 
|  20|0x00000000cb600000, 0x00000000cb600000, 0x00000000cb700000|  0%| F|  |TAMS 0x00000000cb600000, 0x00000000cb600000| Untracked 
|  21|0x00000000cb700000, 0x00000000cb700000, 0x00000000cb800000|  0%| F|  |TAMS 0x00000000cb700000, 0x00000000cb700000| Untracked 
|  22|0x00000000cb800000, 0x00000000cb832bb0, 0x00000000cb900000| 19%| S|CS|TAMS 0x00000000cb800000, 0x00000000cb800000| Complete 
|  23|0x00000000cb900000, 0x00000000cba00000, 0x00000000cba00000|100%| S|CS|TAMS 0x00000000cb900000, 0x00000000cb900000| Complete 
|  24|0x00000000cba00000, 0x00000000cbb00000, 0x00000000cbb00000|100%| S|CS|TAMS 0x00000000cba00000, 0x00000000cba00000| Complete 
|  25|0x00000000cbb00000, 0x00000000cbc00000, 0x00000000cbc00000|100%| S|CS|TAMS 0x00000000cbb00000, 0x00000000cbb00000| Complete 
|  26|0x00000000cbc00000, 0x00000000cbc00000, 0x00000000cbd00000|  0%| F|  |TAMS 0x00000000cbc00000, 0x00000000cbc00000| Untracked 
|  27|0x00000000cbd00000, 0x00000000cbd00000, 0x00000000cbe00000|  0%| F|  |TAMS 0x00000000cbd00000, 0x00000000cbd00000| Untracked 
|  28|0x00000000cbe00000, 0x00000000cbe00000, 0x00000000cbf00000|  0%| F|  |TAMS 0x00000000cbe00000, 0x00000000cbe00000| Untracked 
|  29|0x00000000cbf00000, 0x00000000cbf00000, 0x00000000cc000000|  0%| F|  |TAMS 0x00000000cbf00000, 0x00000000cbf00000| Untracked 
|  30|0x00000000cc000000, 0x00000000cc000000, 0x00000000cc100000|  0%| F|  |TAMS 0x00000000cc000000, 0x00000000cc000000| Untracked 
|  31|0x00000000cc100000, 0x00000000cc100000, 0x00000000cc200000|  0%| F|  |TAMS 0x00000000cc100000, 0x00000000cc100000| Untracked 
|  32|0x00000000cc200000, 0x00000000cc200000, 0x00000000cc300000|  0%| F|  |TAMS 0x00000000cc200000, 0x00000000cc200000| Untracked 
|  33|0x00000000cc300000, 0x00000000cc300000, 0x00000000cc400000|  0%| F|  |TAMS 0x00000000cc300000, 0x00000000cc300000| Untracked 
|  34|0x00000000cc400000, 0x00000000cc400000, 0x00000000cc500000|  0%| F|  |TAMS 0x00000000cc400000, 0x00000000cc400000| Untracked 
|  35|0x00000000cc500000, 0x00000000cc500000, 0x00000000cc600000|  0%| F|  |TAMS 0x00000000cc500000, 0x00000000cc500000| Untracked 
|  36|0x00000000cc600000, 0x00000000cc600000, 0x00000000cc700000|  0%| F|  |TAMS 0x00000000cc600000, 0x00000000cc600000| Untracked 
|  37|0x00000000cc700000, 0x00000000cc700000, 0x00000000cc800000|  0%| F|  |TAMS 0x00000000cc700000, 0x00000000cc700000| Untracked 
|  38|0x00000000cc800000, 0x00000000cc800000, 0x00000000cc900000|  0%| F|  |TAMS 0x00000000cc800000, 0x00000000cc800000| Untracked 
|  39|0x00000000cc900000, 0x00000000cc900000, 0x00000000cca00000|  0%| F|  |TAMS 0x00000000cc900000, 0x00000000cc900000| Untracked 
|  40|0x00000000cca00000, 0x00000000cca00000, 0x00000000ccb00000|  0%| F|  |TAMS 0x00000000cca00000, 0x00000000cca00000| Untracked 
|  41|0x00000000ccb00000, 0x00000000ccb00000, 0x00000000ccc00000|  0%| F|  |TAMS 0x00000000ccb00000, 0x00000000ccb00000| Untracked 
|  42|0x00000000ccc00000, 0x00000000ccc00000, 0x00000000ccd00000|  0%| F|  |TAMS 0x00000000ccc00000, 0x00000000ccc00000| Untracked 
|  43|0x00000000ccd00000, 0x00000000ccdff910, 0x00000000cce00000| 99%| E|  |TAMS 0x00000000ccd00000, 0x00000000ccd00000| Complete 
|  44|0x00000000cce00000, 0x00000000ccf00000, 0x00000000ccf00000|100%| E|CS|TAMS 0x00000000cce00000, 0x00000000cce00000| Complete 
|  45|0x00000000ccf00000, 0x00000000cd000000, 0x00000000cd000000|100%| E|CS|TAMS 0x00000000ccf00000, 0x00000000ccf00000| Complete 
|  46|0x00000000cd000000, 0x00000000cd100000, 0x00000000cd100000|100%| E|  |TAMS 0x00000000cd000000, 0x00000000cd000000| Complete 
|  47|0x00000000cd100000, 0x00000000cd200000, 0x00000000cd200000|100%| E|CS|TAMS 0x00000000cd100000, 0x00000000cd100000| Complete 
|  48|0x00000000cd200000, 0x00000000cd300000, 0x00000000cd300000|100%| E|CS|TAMS 0x00000000cd200000, 0x00000000cd200000| Complete 
|  49|0x00000000cd300000, 0x00000000cd400000, 0x00000000cd400000|100%| E|CS|TAMS 0x00000000cd300000, 0x00000000cd300000| Complete 
|  50|0x00000000cd400000, 0x00000000cd500000, 0x00000000cd500000|100%| E|CS|TAMS 0x00000000cd400000, 0x00000000cd400000| Complete 
|  51|0x00000000cd500000, 0x00000000cd600000, 0x00000000cd600000|100%| E|CS|TAMS 0x00000000cd500000, 0x00000000cd500000| Complete 
|  52|0x00000000cd600000, 0x00000000cd700000, 0x00000000cd700000|100%| E|CS|TAMS 0x00000000cd600000, 0x00000000cd600000| Complete 
|  53|0x00000000cd700000, 0x00000000cd800000, 0x00000000cd800000|100%| E|CS|TAMS 0x00000000cd700000, 0x00000000cd700000| Complete 

Card table byte_map: [0x00000287f9230000,0x00000287f93e0000] _byte_map_base: 0x00000287f8bdf000

Marking Bits (Prev, Next): (CMBitMap*) 0x00000287f8ca9830, (CMBitMap*) 0x00000287f8ca9870
 Prev Bits: [0x00000287f9590000, 0x00000287fa308000)
 Next Bits: [0x00000287fa310000, 0x00000287fb088000)

Polling page: 0x00000287f6c60000

Metaspace:

Usage:
  Non-class:     14.61 MB used.
      Class:      1.91 MB used.
       Both:     16.52 MB used.

Virtual space:
  Non-class space:       64.00 MB reserved,      14.75 MB ( 23%) committed,  1 nodes.
      Class space:        1.00 GB reserved,       2.00 MB ( <1%) committed,  1 nodes.
             Both:        1.06 GB reserved,      16.75 MB (  2%) committed. 

Chunk freelists:
   Non-Class:  880.00 KB
       Class:  13.86 MB
        Both:  14.71 MB

MaxMetaspaceSize: unlimited
CompressedClassSpaceSize: 1.00 GB
Initial GC threshold: 21.00 MB
Current GC threshold: 21.00 MB
CDS: on
MetaspaceReclaimPolicy: balanced
 - commit_granule_bytes: 65536.
 - commit_granule_words: 8192.
 - virtual_space_node_default_size: 8388608.
 - enlarge_chunks_in_place: 1.
 - new_chunks_are_fully_committed: 0.
 - uncommit_free_chunks: 1.
 - use_allocation_guard: 0.
 - handle_deallocations: 1.


Internal statistics:

num_allocs_failed_limit: 0.
num_arena_births: 118.
num_arena_deaths: 0.
num_vsnodes_births: 2.
num_vsnodes_deaths: 0.
num_space_committed: 268.
num_space_uncommitted: 0.
num_chunks_returned_to_freelist: 0.
num_chunks_taken_from_freelist: 727.
num_chunk_merges: 0.
num_chunk_splits: 490.
num_chunks_enlarged: 381.
num_inconsistent_stats: 0.

CodeHeap 'non-profiled nmethods': size=120000Kb used=2185Kb max_used=2185Kb free=117814Kb
 bounds [0x000002878f2a0000, 0x000002878f510000, 0x00000287967d0000]
CodeHeap 'profiled nmethods': size=120000Kb used=9403Kb max_used=9403Kb free=110596Kb
 bounds [0x00000287877d0000, 0x0000028788100000, 0x000002878ed00000]
CodeHeap 'non-nmethods': size=5760Kb used=1179Kb max_used=1227Kb free=4580Kb
 bounds [0x000002878ed00000, 0x000002878ef70000, 0x000002878f2a0000]
 total_blobs=4921 nmethods=4448 adapters=385
 compilation: enabled
              stopped_count=0, restarted_count=0
 full_count=0

Compilation events (20 events):
Event: 34.288 Thread 0x00000287f8d41b60 nmethod 4403 0x000002878f4c1c10 code [0x000002878f4c1da0, 0x000002878f4c1e98]
Event: 34.288 Thread 0x00000287f8d41b60 4434       4       java.lang.Character::toLowerCase (9 bytes)
Event: 34.289 Thread 0x00000287f8d4dc80 nmethod 4445 0x00000287880f9b10 code [0x00000287880f9de0, 0x00000287880fabc8]
Event: 34.290 Thread 0x00000287f8d41b60 nmethod 4434 0x000002878f4c1f90 code [0x000002878f4c2120, 0x000002878f4c2238]
Event: 34.290 Thread 0x00000287f8d41b60 4446       4       jdk.internal.org.objectweb.asm.Frame::execute (2305 bytes)
Event: 34.292 Thread 0x00000287f8d4dc80 4447       3       org.eclipse.sisu.space.WildcardKey$QualifiedImpl::get (5 bytes)
Event: 34.292 Thread 0x00000287f8d4dc80 nmethod 4447 0x00000287880fb110 code [0x00000287880fb2a0, 0x00000287880fb3b8]
Event: 34.296 Thread 0x00000287f8d4dc80 4449       3       com.google.common.cache.LocalCache::cleanUp (32 bytes)
Event: 34.296 Thread 0x00000287f8d4dc80 nmethod 4449 0x00000287880fb490 code [0x00000287880fb640, 0x00000287880fb868]
Event: 34.296 Thread 0x00000287f8d4dc80 4448       3       com.google.common.cache.LocalCache$LocalManualCache::cleanUp (8 bytes)
Event: 34.296 Thread 0x00000287f8d4dc80 nmethod 4448 0x00000287880fb990 code [0x00000287880fbb40, 0x00000287880fbca8]
Event: 34.428 Thread 0x00000287f8d4dc80 4451       3       java.util.Hashtable::rehash (142 bytes)
Event: 34.429 Thread 0x00000287f8d4dc80 nmethod 4451 0x00000287880fbd90 code [0x00000287880fbfa0, 0x00000287880fc6a8]
Event: 34.449 Thread 0x00000287f8d4dc80 4452       3       org.eclipse.sisu.inject.RankedSequence::insert (43 bytes)
Event: 34.451 Thread 0x00000287f8d4dc80 nmethod 4452 0x00000287880fc910 code [0x00000287880fcbe0, 0x00000287880fdbf8]
Event: 34.452 Thread 0x00000287f8d4dc80 4453       3       com.google.common.collect.AbstractMapBasedMultimap::createCollection (5 bytes)
Event: 34.452 Thread 0x00000287f8d4dc80 nmethod 4453 0x00000287880fe190 code [0x00000287880fe340, 0x00000287880fe508]
Event: 34.453 Thread 0x00000287f8d4dc80 4454       3       com.google.common.collect.ArrayListMultimap::createCollection (5 bytes)
Event: 34.454 Thread 0x00000287f8d4dc80 nmethod 4454 0x00000287880fe590 code [0x00000287880fe740, 0x00000287880fe948]
Event: 34.454 Thread 0x00000287f8d4dc80 4455       3       com.google.common.collect.ArrayListMultimap::createCollection (12 bytes)

GC Heap History (12 events):
Event: 9.193 GC heap before
{Heap before GC invocations=0 (full 0):
 garbage-first heap   total 55296K, used 22528K [0x00000000ca200000, 0x0000000100000000)
  region size 1024K, 23 young (23552K), 0 survivors (0K)
 Metaspace       used 5517K, committed 5696K, reserved 1114112K
  class space    used 656K, committed 768K, reserved 1048576K
}
Event: 9.220 GC heap after
{Heap after GC invocations=1 (full 0):
 garbage-first heap   total 55296K, used 3760K [0x00000000ca200000, 0x0000000100000000)
  region size 1024K, 3 young (3072K), 3 survivors (3072K)
 Metaspace       used 5517K, committed 5696K, reserved 1114112K
  class space    used 656K, committed 768K, reserved 1048576K
}
Event: 14.971 GC heap before
{Heap before GC invocations=1 (full 0):
 garbage-first heap   total 55296K, used 26288K [0x00000000ca200000, 0x0000000100000000)
  region size 1024K, 26 young (26624K), 3 survivors (3072K)
 Metaspace       used 8487K, committed 8640K, reserved 1114112K
  class space    used 1018K, committed 1088K, reserved 1048576K
}
Event: 14.986 GC heap after
{Heap after GC invocations=2 (full 0):
 garbage-first heap   total 55296K, used 5123K [0x00000000ca200000, 0x0000000100000000)
  region size 1024K, 2 young (2048K), 2 survivors (2048K)
 Metaspace       used 8487K, committed 8640K, reserved 1114112K
  class space    used 1018K, committed 1088K, reserved 1048576K
}
Event: 20.699 GC heap before
{Heap before GC invocations=2 (full 0):
 garbage-first heap   total 55296K, used 31747K [0x00000000ca200000, 0x0000000100000000)
  region size 1024K, 28 young (28672K), 2 survivors (2048K)
 Metaspace       used 13436K, committed 13632K, reserved 1114112K
  class space    used 1647K, committed 1728K, reserved 1048576K
}
Event: 20.716 GC heap after
{Heap after GC invocations=3 (full 0):
 garbage-first heap   total 55296K, used 7336K [0x00000000ca200000, 0x0000000100000000)
  region size 1024K, 4 young (4096K), 4 survivors (4096K)
 Metaspace       used 13436K, committed 13632K, reserved 1114112K
  class space    used 1647K, committed 1728K, reserved 1048576K
}
Event: 24.612 GC heap before
{Heap before GC invocations=3 (full 0):
 garbage-first heap   total 55296K, used 36008K [0x00000000ca200000, 0x0000000100000000)
  region size 1024K, 32 young (32768K), 4 survivors (4096K)
 Metaspace       used 15328K, committed 15488K, reserved 1114112K
  class space    used 1837K, committed 1920K, reserved 1048576K
}
Event: 24.645 GC heap after
{Heap after GC invocations=4 (full 0):
 garbage-first heap   total 55296K, used 11146K [0x00000000ca200000, 0x0000000100000000)
  region size 1024K, 4 young (4096K), 4 survivors (4096K)
 Metaspace       used 15328K, committed 15488K, reserved 1114112K
  class space    used 1837K, committed 1920K, reserved 1048576K
}
Event: 26.926 GC heap before
{Heap before GC invocations=4 (full 0):
 garbage-first heap   total 55296K, used 35722K [0x00000000ca200000, 0x0000000100000000)
  region size 1024K, 29 young (29696K), 4 survivors (4096K)
 Metaspace       used 15627K, committed 15808K, reserved 1114112K
  class space    used 1843K, committed 1920K, reserved 1048576K
}
Event: 26.944 GC heap after
{Heap after GC invocations=5 (full 0):
 garbage-first heap   total 55296K, used 13015K [0x00000000ca200000, 0x0000000100000000)
  region size 1024K, 2 young (2048K), 2 survivors (2048K)
 Metaspace       used 15627K, committed 15808K, reserved 1114112K
  class space    used 1843K, committed 1920K, reserved 1048576K
}
Event: 31.771 GC heap before
{Heap before GC invocations=5 (full 0):
 garbage-first heap   total 55296K, used 39639K [0x00000000ca200000, 0x0000000100000000)
  region size 1024K, 28 young (28672K), 2 survivors (2048K)
 Metaspace       used 16144K, committed 16320K, reserved 1114112K
  class space    used 1862K, committed 1920K, reserved 1048576K
}
Event: 31.785 GC heap after
{Heap after GC invocations=6 (full 0):
 garbage-first heap   total 55296K, used 14538K [0x00000000ca200000, 0x0000000100000000)
  region size 1024K, 4 young (4096K), 4 survivors (4096K)
 Metaspace       used 16144K, committed 16320K, reserved 1114112K
  class space    used 1862K, committed 1920K, reserved 1048576K
}

Deoptimization events (20 events):
Event: 34.143 Thread 0x00000287f8c71ab0 DEOPT PACKING pc=0x000002878f373a8c sp=0x000000dffaafcaf0
Event: 34.144 Thread 0x00000287f8c71ab0 DEOPT UNPACKING pc=0x000002878ed523a3 sp=0x000000dffaafca78 mode 2
Event: 34.144 Thread 0x00000287f8c71ab0 Uncommon trap: trap_request=0xffffffde fr.pc=0x000002878f373a8c relative=0x000000000000006c
Event: 34.144 Thread 0x00000287f8c71ab0 Uncommon trap: reason=class_check action=maybe_recompile pc=0x000002878f373a8c method=com.google.inject.internal.LinkedBindingImpl.acceptTargetVisitor(Lcom/google/inject/spi/BindingTargetVisitor;)Ljava/lang/Object; @ 2 c2
Event: 34.144 Thread 0x00000287f8c71ab0 DEOPT PACKING pc=0x000002878f373a8c sp=0x000000dffaafcaf0
Event: 34.144 Thread 0x00000287f8c71ab0 DEOPT UNPACKING pc=0x000002878ed523a3 sp=0x000000dffaafca78 mode 2
Event: 34.222 Thread 0x00000287f8c71ab0 Uncommon trap: trap_request=0xffffffde fr.pc=0x000002878f373a8c relative=0x000000000000006c
Event: 34.222 Thread 0x00000287f8c71ab0 Uncommon trap: reason=class_check action=maybe_recompile pc=0x000002878f373a8c method=com.google.inject.internal.LinkedBindingImpl.acceptTargetVisitor(Lcom/google/inject/spi/BindingTargetVisitor;)Ljava/lang/Object; @ 2 c2
Event: 34.222 Thread 0x00000287f8c71ab0 DEOPT PACKING pc=0x000002878f373a8c sp=0x000000dffaafcaf0
Event: 34.222 Thread 0x00000287f8c71ab0 DEOPT UNPACKING pc=0x000002878ed523a3 sp=0x000000dffaafca78 mode 2
Event: 34.222 Thread 0x00000287f8c71ab0 Uncommon trap: trap_request=0xffffffde fr.pc=0x000002878f373a8c relative=0x000000000000006c
Event: 34.222 Thread 0x00000287f8c71ab0 Uncommon trap: reason=class_check action=maybe_recompile pc=0x000002878f373a8c method=com.google.inject.internal.LinkedBindingImpl.acceptTargetVisitor(Lcom/google/inject/spi/BindingTargetVisitor;)Ljava/lang/Object; @ 2 c2
Event: 34.222 Thread 0x00000287f8c71ab0 DEOPT PACKING pc=0x000002878f373a8c sp=0x000000dffaafcaf0
Event: 34.224 Thread 0x00000287f8c71ab0 DEOPT UNPACKING pc=0x000002878ed523a3 sp=0x000000dffaafca78 mode 2
Event: 34.237 Thread 0x00000287f8c71ab0 Uncommon trap: trap_request=0xffffff54 fr.pc=0x000002878f434904 relative=0x0000000000000344
Event: 34.237 Thread 0x00000287f8c71ab0 Uncommon trap: reason=speculate_null_assert action=make_not_entrant pc=0x000002878f434904 method=org.eclipse.sisu.inject.RankedBindings$Itr.hasNext()Z @ 80 c2
Event: 34.237 Thread 0x00000287f8c71ab0 DEOPT PACKING pc=0x000002878f434904 sp=0x000000dffaafd330
Event: 34.237 Thread 0x00000287f8c71ab0 DEOPT UNPACKING pc=0x000002878ed523a3 sp=0x000000dffaafd308 mode 2
Event: 34.265 Thread 0x00000287f8c71ab0 DEOPT PACKING pc=0x0000028787a34034 sp=0x000000dffaafd0f0
Event: 34.265 Thread 0x00000287f8c71ab0 DEOPT UNPACKING pc=0x000002878ed52b43 sp=0x000000dffaafc670 mode 0

Classes unloaded (0 events):
No events

Classes redefined (0 events):
No events

Internal exceptions (20 events):
Event: 17.195 Thread 0x00000287f8c71ab0 Exception <a 'java/lang/ExceptionInInitializerError'{0x00000000cceecad8}> (0x00000000cceecad8) 
thrown [s\open\src\hotspot\share\oops\instanceKlass.cpp, line 1216]
Event: 17.381 Thread 0x00000287f8c71ab0 Implicit null exception at 0x000002878f30522f to 0x000002878f30538c
Event: 17.406 Thread 0x00000287f8c71ab0 Exception <a 'java/lang/NoSuchMethodError'{0x00000000ccdfd8b8}: 'java.lang.Object java.lang.invoke.Invokers$Holder.invokeExact_MT(java.lang.Object, int, java.lang.Object)'> (0x00000000ccdfd8b8) 
thrown [s\open\src\hotspot\share\interpreter\linkResolver.cpp, line 759]
Event: 17.429 Thread 0x00000287f8c71ab0 Exception <a 'java/lang/NoSuchMethodError'{0x00000000ccc5a6c8}: 'void java.lang.invoke.DirectMethodHandle$Holder.invokeStatic(java.lang.Object, java.lang.Object)'> (0x00000000ccc5a6c8) 
thrown [s\open\src\hotspot\share\interpreter\linkResolver.cpp, line 759]
Event: 17.450 Thread 0x00000287f8c71ab0 Exception <a 'java/lang/NoSuchMethodError'{0x00000000ccc6a570}: 'int java.lang.invoke.DirectMethodHandle$Holder.invokeSpecial(java.lang.Object, java.lang.Object, java.lang.Object, java.lang.Object)'> (0x00000000ccc6a570) 
thrown [s\open\src\hotspot\share\interpreter\linkResolver.cpp, line 759]
Event: 19.333 Thread 0x00000287f8c71ab0 Exception <a 'java/lang/NoClassDefFoundError'{0x00000000cc491258}: com/google/inject/servlet/ServletModuleTargetVisitor> (0x00000000cc491258) 
thrown [s\open\src\hotspot\share\classfile\systemDictionary.cpp, line 245]
Event: 19.866 Thread 0x00000287f8c71ab0 Exception <a 'java/lang/NoSuchMethodError'{0x00000000cc1168f0}: 'void java.lang.invoke.DirectMethodHandle$Holder.invokeVirtual(java.lang.Object, java.lang.Object)'> (0x00000000cc1168f0) 
thrown [s\open\src\hotspot\share\interpreter\linkResolver.cpp, line 759]
Event: 19.972 Thread 0x00000287f8c71ab0 Exception <a 'java/lang/NoSuchMethodError'{0x00000000cc19ea30}: 'java.lang.Object java.lang.invoke.DirectMethodHandle$Holder.invokeStaticInit(java.lang.Object, int, int, int, int)'> (0x00000000cc19ea30) 
thrown [s\open\src\hotspot\share\interpreter\linkResolver.cpp, line 759]
Event: 20.980 Thread 0x00000287f8c71ab0 Implicit null exception at 0x000002878f2d33f2 to 0x000002878f2d39bc
Event: 20.980 Thread 0x00000287f8c71ab0 Implicit null exception at 0x000002878f2c65f2 to 0x000002878f2c6bcc
Event: 24.247 Thread 0x00000287f8c71ab0 Implicit null exception at 0x000002878f39b775 to 0x000002878f39d390
Event: 24.247 Thread 0x00000287f8c71ab0 Implicit null exception at 0x000002878f33d16a to 0x000002878f33d334
Event: 24.247 Thread 0x00000287f8c71ab0 Implicit null exception at 0x000002878f2cf158 to 0x000002878f2cf1ee
Event: 24.272 Thread 0x00000287f8c71ab0 Exception <a 'java/lang/NoSuchMethodError'{0x00000000cc09f808}: 'int java.lang.invoke.DirectMethodHandle$Holder.invokeSpecialIFC(java.lang.Object, java.lang.Object, java.lang.Object, java.lang.Object)'> (0x00000000cc09f808) 
thrown [s\open\src\hotspot\share\interpreter\linkResolver.cpp, line 759]
Event: 27.409 Thread 0x00000287f8c71ab0 Implicit null exception at 0x000002878f320b8f to 0x000002878f320c09
Event: 28.870 Thread 0x00000287f8c71ab0 Exception <a 'java/lang/NoSuchMethodError'{0x00000000cce460c8}: 'java.lang.Object java.lang.invoke.DirectMethodHandle$Holder.newInvokeSpecial(java.lang.Object, java.lang.Object, java.lang.Object, java.lang.Object, java.lang.Object, java.lang.Object, java.lang.Object)'> (0x00000000cce460c8) 
thrown [s\open\src\hotspot\share\interpreter\linkResolver.cpp, line 759]
Event: 28.872 Thread 0x00000287f8c71ab0 Exception <a 'java/lang/NoSuchMethodError'{0x00000000cce4a9d8}: 'java.lang.Object java.lang.invoke.Invokers$Holder.linkToTargetMethod(java.lang.Object, java.lang.Object, java.lang.Object, java.lang.Object, java.lang.Object, java.lang.Object, java.lang.Object)'> (0x00000000cce4a9d8) 
thrown [s\open\src\hotspot\share\interpreter\linkResolver.cpp, line 759]
Event: 34.276 Thread 0x00000287f8c71ab0 Exception <a 'java/lang/NoSuchMethodError'{0x00000000ccfa0208}: 'java.lang.Object java.lang.invoke.DirectMethodHandle$Holder.invokeVirtual(java.lang.Object, java.lang.Object, java.lang.Object)'> (0x00000000ccfa0208) 
thrown [s\open\src\hotspot\share\interpreter\linkResolver.cpp, line 759]
Event: 34.278 Thread 0x00000287f8c71ab0 Exception <a 'java/lang/NoSuchMethodError'{0x00000000ccfa7800}: 'void java.lang.invoke.DirectMethodHandle$Holder.invokeSpecial(java.lang.Object, java.lang.Object, java.lang.Object, java.lang.Object, java.lang.Object, java.lang.Object)'> (0x00000000ccfa7800) 
thrown [s\open\src\hotspot\share\interpreter\linkResolver.cpp, line 759]
Event: 34.287 Thread 0x00000287f8c71ab0 Exception <a 'java/lang/NoSuchMethodError'{0x00000000ccfb2e98}: 'int java.lang.invoke.DirectMethodHandle$Holder.invokeVirtual(java.lang.Object, java.lang.Object)'> (0x00000000ccfb2e98) 
thrown [s\open\src\hotspot\share\interpreter\linkResolver.cpp, line 759]

VM Operations (20 events):
Event: 25.913 Executing VM operation: Cleanup
Event: 25.914 Executing VM operation: Cleanup done
Event: 26.925 Executing VM operation: Cleanup
Event: 26.926 Executing VM operation: Cleanup done
Event: 26.926 Executing VM operation: G1CollectForAllocation
Event: 26.944 Executing VM operation: G1CollectForAllocation done
Event: 27.949 Executing VM operation: Cleanup
Event: 27.949 Executing VM operation: Cleanup done
Event: 28.964 Executing VM operation: Cleanup
Event: 28.964 Executing VM operation: Cleanup done
Event: 29.972 Executing VM operation: Cleanup
Event: 29.972 Executing VM operation: Cleanup done
Event: 30.984 Executing VM operation: Cleanup
Event: 30.984 Executing VM operation: Cleanup done
Event: 31.771 Executing VM operation: G1CollectForAllocation
Event: 31.786 Executing VM operation: G1CollectForAllocation done
Event: 32.801 Executing VM operation: Cleanup
Event: 32.802 Executing VM operation: Cleanup done
Event: 33.805 Executing VM operation: Cleanup
Event: 33.806 Executing VM operation: Cleanup done

Events (20 events):
Event: 23.907 loading class java/util/LinkedList$LLSpliterator
Event: 23.907 loading class java/util/LinkedList$LLSpliterator done
Event: 25.843 loading class sun/nio/cs/ISO_8859_1$Decoder
Event: 25.843 loading class sun/nio/cs/ISO_8859_1$Decoder done
Event: 31.261 loading class java/util/Collections$UnmodifiableList$1
Event: 31.262 loading class java/util/Collections$UnmodifiableList$1 done
Event: 34.146 loading class org/w3c/dom/Node
Event: 34.147 loading class org/w3c/dom/Node done
Event: 34.147 loading class javax/xml/parsers/ParserConfigurationException
Event: 34.147 loading class javax/xml/parsers/ParserConfigurationException done
Event: 34.147 loading class org/xml/sax/SAXException
Event: 34.148 loading class org/xml/sax/SAXException done
Event: 34.149 loading class org/w3c/dom/Document
Event: 34.149 loading class org/w3c/dom/Document done
Event: 34.149 loading class org/w3c/dom/Element
Event: 34.150 loading class org/w3c/dom/Element done
Event: 34.332 loading class java/net/URISyntaxException
Event: 34.335 loading class java/net/URISyntaxException done
Event: 34.409 loading class jdk/internal/reflect/UnsafeBooleanFieldAccessorImpl
Event: 34.409 loading class jdk/internal/reflect/UnsafeBooleanFieldAccessorImpl done


Dynamic libraries:
0x00007ff66cba0000 - 0x00007ff66cbb0000 	C:\Program Files\Java\jdk-17\bin\java.exe
0x00007fff85bd0000 - 0x00007fff85dc8000 	C:\Windows\SYSTEM32\ntdll.dll
0x00007fff84550000 - 0x00007fff8460d000 	C:\Windows\System32\KERNEL32.DLL
0x00007fff836e0000 - 0x00007fff839d6000 	C:\Windows\System32\KERNELBASE.dll
0x00007fff83380000 - 0x00007fff83480000 	C:\Windows\System32\ucrtbase.dll
0x00007fff62c50000 - 0x00007fff62c69000 	C:\Program Files\Java\jdk-17\bin\jli.dll
0x00007fff85a20000 - 0x00007fff85acf000 	C:\Windows\System32\ADVAPI32.dll
0x00007fff844b0000 - 0x00007fff8454e000 	C:\Windows\System32\msvcrt.dll
0x00007fff84af0000 - 0x00007fff84b8c000 	C:\Windows\System32\sechost.dll
0x00007fff83ce0000 - 0x00007fff83e06000 	C:\Windows\System32\RPCRT4.dll
0x00007fff850d0000 - 0x00007fff8526e000 	C:\Windows\System32\USER32.dll
0x00007fff83350000 - 0x00007fff83372000 	C:\Windows\System32\win32u.dll
0x00007fff84f60000 - 0x00007fff84f8c000 	C:\Windows\System32\GDI32.dll
0x00007fff83530000 - 0x00007fff8364a000 	C:\Windows\System32\gdi32full.dll
0x00007fff832b0000 - 0x00007fff8334d000 	C:\Windows\System32\msvcp_win.dll
0x00007fff78a80000 - 0x00007fff78a9b000 	C:\Program Files\Java\jdk-17\bin\VCRUNTIME140.dll
0x00007fff667e0000 - 0x00007fff66a7a000 	C:\Windows\WinSxS\amd64_microsoft.windows.common-controls_6595b64144ccf1df_6.0.19041.3636_none_60b6a03d71f818d5\COMCTL32.dll
0x00007fff79360000 - 0x00007fff7936a000 	C:\Windows\SYSTEM32\VERSION.dll
0x00007fff85ad0000 - 0x00007fff85b00000 	C:\Windows\System32\IMM32.DLL
0x00007fff6f6a0000 - 0x00007fff6f6ac000 	C:\Program Files\Java\jdk-17\bin\vcruntime140_1.dll
0x00007fff50470000 - 0x00007fff504fe000 	C:\Program Files\Java\jdk-17\bin\msvcp140.dll
0x00007ffeeece0000 - 0x00007ffeef8c1000 	C:\Program Files\Java\jdk-17\bin\server\jvm.dll
0x00007fff84e60000 - 0x00007fff84e68000 	C:\Windows\System32\PSAPI.DLL
0x00007fff78aa0000 - 0x00007fff78aa9000 	C:\Windows\SYSTEM32\WSOCK32.dll
0x00007fff84b90000 - 0x00007fff84bfb000 	C:\Windows\System32\WS2_32.dll
0x00007fff79330000 - 0x00007fff79357000 	C:\Windows\SYSTEM32\WINMM.dll
0x00007fff81b00000 - 0x00007fff81b12000 	C:\Windows\SYSTEM32\kernel.appcore.dll
0x00007fff6f620000 - 0x00007fff6f62a000 	C:\Program Files\Java\jdk-17\bin\jimage.dll
0x00007fff80f20000 - 0x00007fff81104000 	C:\Windows\SYSTEM32\DBGHELP.DLL
0x00007fff76990000 - 0x00007fff769c4000 	C:\Windows\SYSTEM32\dbgcore.DLL
0x00007fff83650000 - 0x00007fff836d2000 	C:\Windows\System32\bcryptPrimitives.dll
0x00007fff6f630000 - 0x00007fff6f655000 	C:\Program Files\Java\jdk-17\bin\java.dll
0x00007fff51140000 - 0x00007fff51217000 	C:\Program Files\Java\jdk-17\bin\jsvml.dll
0x00007fff852d0000 - 0x00007fff85a14000 	C:\Windows\System32\SHELL32.dll
0x00007fff81110000 - 0x00007fff818ab000 	C:\Windows\SYSTEM32\windows.storage.dll
0x00007fff84610000 - 0x00007fff84964000 	C:\Windows\System32\combase.dll
0x00007fff82c20000 - 0x00007fff82c4d000 	C:\Windows\SYSTEM32\Wldp.dll
0x00007fff84970000 - 0x00007fff84a1d000 	C:\Windows\System32\SHCORE.dll
0x00007fff84450000 - 0x00007fff844a5000 	C:\Windows\System32\shlwapi.dll
0x00007fff831e0000 - 0x00007fff83205000 	C:\Windows\SYSTEM32\profapi.dll
0x00007fff6f600000 - 0x00007fff6f619000 	C:\Program Files\Java\jdk-17\bin\net.dll
0x00007fff790f0000 - 0x00007fff791fa000 	C:\Windows\SYSTEM32\WINHTTP.dll
0x00007fff82980000 - 0x00007fff829ea000 	C:\Windows\system32\mswsock.dll
0x00007fff6f5e0000 - 0x00007fff6f5f6000 	C:\Program Files\Java\jdk-17\bin\nio.dll
0x00007fff6f5c0000 - 0x00007fff6f5d8000 	C:\Program Files\Java\jdk-17\bin\zip.dll
0x0000000069ac0000 - 0x0000000069ae4000 	C:\Program Files\Java\apache-maven-3.9.5-bin\apache-maven-3.9.5\lib\jansi-native\Windows\x86_64\jansi.dll
0x00007fff6f5b0000 - 0x00007fff6f5c0000 	C:\Program Files\Java\jdk-17\bin\verify.dll

dbghelp: loaded successfully - version: 4.0.5 - missing functions: none
symbol engine: initialized successfully - sym options: 0x614 - pdb path: .;C:\Program Files\Java\jdk-17\bin;C:\Windows\SYSTEM32;C:\Windows\WinSxS\amd64_microsoft.windows.common-controls_6595b64144ccf1df_6.0.19041.3636_none_60b6a03d71f818d5;C:\Program Files\Java\jdk-17\bin\server;C:\Program Files\Java\apache-maven-3.9.5-bin\apache-maven-3.9.5\lib\jansi-native\Windows\x86_64

VM Arguments:
jvm_args: -Dclassworlds.conf=C:\Program Files\Java\apache-maven-3.9.5-bin\apache-maven-3.9.5\bin\m2.conf -Dmaven.home=C:\Program Files\Java\apache-maven-3.9.5-bin\apache-maven-3.9.5 -Dlibrary.jansi.path=C:\Program Files\Java\apache-maven-3.9.5-bin\apache-maven-3.9.5\lib\jansi-native -Dmaven.multiModuleProjectDirectory=C:\Users\juanc\OneDrive\Escritorio\ProyectoFinal 
java_command: org.codehaus.plexus.classworlds.launcher.Launcher -Dmaven.ext.class.path=C:\Program Files\NetBeans-17\netbeans\java\maven-nblib\netbeans-eventspy.jar -Dfile.encoding=UTF-8 --no-transfer-progress org.springframework.boot:spring-boot-maven-plugin:2.7.17:run
java_class_path (initial): C:\Program Files\Java\apache-maven-3.9.5-bin\apache-maven-3.9.5\boot\plexus-classworlds-2.7.0.jar
Launcher Type: SUN_STANDARD

[Global flags]
     intx CICompilerCount                          = 4                                         {product} {ergonomic}
     uint ConcGCThreads                            = 2                                         {product} {ergonomic}
     uint G1ConcRefinementThreads                  = 8                                         {product} {ergonomic}
   size_t G1HeapRegionSize                         = 1048576                                   {product} {ergonomic}
    uintx GCDrainStackTargetSize                   = 64                                        {product} {ergonomic}
   size_t InitialHeapSize                          = 56623104                                  {product} {ergonomic}
   size_t MarkStackSize                            = 4194304                                   {product} {ergonomic}
   size_t MaxHeapSize                              = 903872512                                 {product} {ergonomic}
   size_t MaxNewSize                               = 542113792                                 {product} {ergonomic}
   size_t MinHeapDeltaBytes                        = 1048576                                   {product} {ergonomic}
   size_t MinHeapSize                              = 8388608                                   {product} {ergonomic}
    uintx NonNMethodCodeHeapSize                   = 5839372                                {pd product} {ergonomic}
    uintx NonProfiledCodeHeapSize                  = 122909434                              {pd product} {ergonomic}
    uintx ProfiledCodeHeapSize                     = 122909434                              {pd product} {ergonomic}
    uintx ReservedCodeCacheSize                    = 251658240                              {pd product} {ergonomic}
     bool SegmentedCodeCache                       = true                                      {product} {ergonomic}
   size_t SoftMaxHeapSize                          = 903872512                              {manageable} {ergonomic}
     bool UseCompressedClassPointers               = true                           {product lp64_product} {ergonomic}
     bool UseCompressedOops                        = true                           {product lp64_product} {ergonomic}
     bool UseG1GC                                  = true                                      {product} {ergonomic}
     bool UseLargePagesIndividualAllocation        = false                                  {pd product} {ergonomic}

Logging:
Log output configuration:
 #0: stdout all=warning uptime,level,tags
 #1: stderr all=off uptime,level,tags

Environment Variables:
JAVA_HOME=C:\Program Files\Java\jdk-17
PATH=C:\Program Files\Common Files\Oracle\Java\javapath;C:\ProgramData\Oracle\Java\javapath;C:\Windows\system32;C:\Windows;C:\Windows\System32\Wbem;C:\Windows\System32\WindowsPowerShell\v1.0\;C:\Windows\System32\OpenSSH\;C:\Program Files\Git\cmd;C:\Program Files\Java\jdk-17\bin;C:\Program Files\nodejs\;C:\Program Files\Java\apache-maven-3.9.5\bin;C:\Program Files\Java\jre1.8.0_111\bin;C:\Program Files\Java\jdk-17\bin;C:\Users\juanc\AppData\Local\Microsoft\WindowsApps;C:\Users\juanc\AppData\Local\Programs\Microsoft VS Code\bin;C:\Users\juanc\AppData\Roaming\npm;C:\Users\juanc\AppData\Local\GitHubDesktop\bin
USERNAME=juanc
OS=Windows_NT
PROCESSOR_IDENTIFIER=AMD64 Family 23 Model 104 Stepping 1, AuthenticAMD



---------------  S Y S T E M  ---------------

OS:
 Windows 10 , 64 bit Build 19041 (10.0.19041.3636)
OS uptime: 1 days 5:51 hours

CPU: total 8 (initial active 8) (8 cores per cpu, 2 threads per core) family 23 model 104 stepping 1 microcode 0x0, cx8, cmov, fxsr, ht, mmx, 3dnowpref, sse, sse2, sse3, ssse3, sse4a, sse4.1, sse4.2, popcnt, lzcnt, tsc, tscinvbit, avx, avx2, aes, clmul, bmi1, bmi2, adx, sha, fma, vzeroupper, clflush, clflushopt

Memory: 4k page, system-wide physical 3446M (64M free)
TotalPageFile size 14198M (AvailPageFile size 19M)
current process WorkingSet (physical memory assigned to process): 114M, peak: 122M
current process commit charge ("private bytes"): 177M, peak: 186M

vm_info: Java HotSpot(TM) 64-Bit Server VM (17.0.9+11-LTS-201) for windows-amd64 JRE (17.0.9+11-LTS-201), built on Oct 10 2023 23:16:06 by "mach5one" with MS VC++ 17.1 (VS2022)

END.
