#
# There is insufficient memory for the Java Runtime Environment to continue.
# Native memory allocation (malloc) failed to allocate 1569584 bytes for Chunk::new
# Possible reasons:
#   The system is out of physical RAM or swap space
#   The process is running with CompressedOops enabled, and the Java Heap may be blocking the growth of the native heap
# Possible solutions:
#   Reduce memory load on the system
#   Increase physical memory or swap space
#   Check if swap backing store is full
#   Decrease Java heap size (-Xmx/-Xms)
#   Decrease number of Java threads
#   Decrease Java thread stack sizes (-Xss)
#   Set larger code cache with -XX:ReservedCodeCacheSize=
#   JVM is running with Unscaled Compressed Oops mode in which the Java heap is
#     placed in the first 4GB address space. The Java Heap base address is the
#     maximum limit for the native heap growth. Please use -XX:HeapBaseMinAddress
#     to set the Java Heap base and to place the Java Heap above 4GB virtual address.
# This output file may be truncated or incomplete.
#
#  Out of Memory Error (arena.cpp:189), pid=7788, tid=7556
#
# JRE version: Java(TM) SE Runtime Environment (17.0.9+11) (build 17.0.9+11-LTS-201)
# Java VM: Java HotSpot(TM) 64-Bit Server VM (17.0.9+11-LTS-201, mixed mode, sharing, tiered, compressed oops, compressed class ptrs, g1 gc, windows-amd64)
# No core dump will be written. Minidumps are not enabled by default on client versions of Windows
#

---------------  S U M M A R Y ------------

Command Line: C:\Users\juanc\AppData\Local\Temp\surefire5927770375153819688\surefirebooter2825248394317409262.jar C:\Users\juanc\AppData\Local\Temp\surefire5927770375153819688 2023-11-21T16-24-45_639-jvmRun1 surefire12924345339454677800tmp surefire_015970055107997893241tmp

Host: AMD Ryzen 3 5300U with Radeon Graphics         , 8 cores, 3G,  Windows 10 , 64 bit Build 19041 (10.0.19041.3636)
Time: Tue Nov 21 16:25:10 2023 Hora estándar de Argentina elapsed time: 17.818141 seconds (0d 0h 0m 17s)

---------------  T H R E A D  ---------------

Current thread (0x0000029736d70ba0):  JavaThread "C2 CompilerThread0" daemon [_thread_in_native, id=7556, stack(0x000000c8a7b00000,0x000000c8a7c00000)]


Current CompileTask:
C2:  17818 3028       4       org.springframework.beans.factory.support.AbstractBeanFactory::isTypeMatch (607 bytes)

Stack: [0x000000c8a7b00000,0x000000c8a7c00000]
Native frames: (J=compiled Java code, j=interpreted, Vv=VM code, C=native code)
V  [jvm.dll+0x678a4a]
V  [jvm.dll+0x7d9cfd]
V  [jvm.dll+0x7db60e]
V  [jvm.dll+0x7dbc73]
V  [jvm.dll+0x245e1f]
V  [jvm.dll+0xaaafb]
V  [jvm.dll+0xab09c]
V  [jvm.dll+0x36237e]
V  [jvm.dll+0x1bbb3a]
V  [jvm.dll+0x218287]
V  [jvm.dll+0x217561]
V  [jvm.dll+0x1a3bc0]
V  [jvm.dll+0x2272de]
V  [jvm.dll+0x22548b]
V  [jvm.dll+0x78f58c]
V  [jvm.dll+0x78998a]
V  [jvm.dll+0x677875]
C  [ucrtbase.dll+0x21bb2]
C  [KERNEL32.DLL+0x17344]
C  [ntdll.dll+0x526b1]


---------------  P R O C E S S  ---------------

Threads class SMR info:
_java_thread_list=0x000002979a555c90, length=14, elements={
0x0000029736c9dd60, 0x0000029736d55710, 0x0000029736d564a0, 0x0000029736d6c270,
0x0000029736d6cd40, 0x0000029736d6f620, 0x0000029736d6fef0, 0x0000029736d70ba0,
0x0000029736d71d00, 0x0000029736d782c0, 0x0000029754411ff0, 0x0000029754414920,
0x000002975443bb30, 0x000002975455a340
}

Java Threads: ( => current thread )
  0x0000029736c9dd60 JavaThread "main" [_thread_in_native, id=280, stack(0x000000c8a6e00000,0x000000c8a6f00000)]
  0x0000029736d55710 JavaThread "Reference Handler" daemon [_thread_blocked, id=9676, stack(0x000000c8a7500000,0x000000c8a7600000)]
  0x0000029736d564a0 JavaThread "Finalizer" daemon [_thread_blocked, id=18704, stack(0x000000c8a7600000,0x000000c8a7700000)]
  0x0000029736d6c270 JavaThread "Signal Dispatcher" daemon [_thread_blocked, id=3400, stack(0x000000c8a7700000,0x000000c8a7800000)]
  0x0000029736d6cd40 JavaThread "Attach Listener" daemon [_thread_blocked, id=20412, stack(0x000000c8a7800000,0x000000c8a7900000)]
  0x0000029736d6f620 JavaThread "Service Thread" daemon [_thread_blocked, id=18568, stack(0x000000c8a7900000,0x000000c8a7a00000)]
  0x0000029736d6fef0 JavaThread "Monitor Deflation Thread" daemon [_thread_blocked, id=14100, stack(0x000000c8a7a00000,0x000000c8a7b00000)]
=>0x0000029736d70ba0 JavaThread "C2 CompilerThread0" daemon [_thread_in_native, id=7556, stack(0x000000c8a7b00000,0x000000c8a7c00000)]
  0x0000029736d71d00 JavaThread "C1 CompilerThread0" daemon [_thread_blocked, id=20444, stack(0x000000c8a7c00000,0x000000c8a7d00000)]
  0x0000029736d782c0 JavaThread "Sweeper thread" daemon [_thread_blocked, id=20856, stack(0x000000c8a7d00000,0x000000c8a7e00000)]
  0x0000029754411ff0 JavaThread "Notification Thread" daemon [_thread_blocked, id=20452, stack(0x000000c8a7e00000,0x000000c8a7f00000)]
  0x0000029754414920 JavaThread "Common-Cleaner" daemon [_thread_blocked, id=3308, stack(0x000000c8a8000000,0x000000c8a8100000)]
  0x000002975443bb30 JavaThread "surefire-forkedjvm-command-thread" daemon [_thread_in_native, id=19060, stack(0x000000c8a8100000,0x000000c8a8200000)]
  0x000002975455a340 JavaThread "surefire-forkedjvm-ping-30s" daemon [_thread_in_native, id=20816, stack(0x000000c8a8200000,0x000000c8a8300000)]

Other Threads:
  0x0000029736d4cb70 VMThread "VM Thread" [stack: 0x000000c8a7400000,0x000000c8a7500000] [id=22344]
  0x00000297544144e0 WatcherThread [stack: 0x000000c8a7f00000,0x000000c8a8000000] [id=16472]
  0x0000029736cd6370 GCTaskThread "GC Thread#0" [stack: 0x000000c8a6f00000,0x000000c8a7000000] [id=20320]
  0x000002979a12ae30 GCTaskThread "GC Thread#1" [stack: 0x000000c8a8300000,0x000000c8a8400000] [id=21724]
  0x0000029754bbf520 GCTaskThread "GC Thread#2" [stack: 0x000000c8a8400000,0x000000c8a8500000] [id=784]
  0x0000029754bbf7e0 GCTaskThread "GC Thread#3" [stack: 0x000000c8a8500000,0x000000c8a8600000] [id=12596]
  0x0000029754b35640 GCTaskThread "GC Thread#4" [stack: 0x000000c8a8600000,0x000000c8a8700000] [id=20052]
  0x0000029754b35900 GCTaskThread "GC Thread#5" [stack: 0x000000c8a8700000,0x000000c8a8800000] [id=5428]
  0x0000029754dfe640 GCTaskThread "GC Thread#6" [stack: 0x000000c8a8800000,0x000000c8a8900000] [id=20700]
  0x0000029754ea1e60 GCTaskThread "GC Thread#7" [stack: 0x000000c8a8a00000,0x000000c8a8b00000] [id=23212]
  0x0000029736cddd90 ConcurrentGCThread "G1 Main Marker" [stack: 0x000000c8a7000000,0x000000c8a7100000] [id=15180]
  0x0000029736cdf6c0 ConcurrentGCThread "G1 Conc#0" [stack: 0x000000c8a7100000,0x000000c8a7200000] [id=16744]
  0x000002979a2b0a50 ConcurrentGCThread "G1 Conc#1" [stack: 0x000000c8a8b00000,0x000000c8a8c00000] [id=15468]
  0x0000029736d2bfc0 ConcurrentGCThread "G1 Refine#0" [stack: 0x000000c8a7200000,0x000000c8a7300000] [id=14120]
  0x0000029754e8c870 ConcurrentGCThread "G1 Refine#1" [stack: 0x000000c8a8900000,0x000000c8a8a00000] [id=23120]
  0x0000029736d2ca40 ConcurrentGCThread "G1 Service" [stack: 0x000000c8a7300000,0x000000c8a7400000] [id=7800]

Threads with active compile tasks:
C2 CompilerThread0    17866 3028       4       org.springframework.beans.factory.support.AbstractBeanFactory::isTypeMatch (607 bytes)

VM state: not at safepoint (normal execution)

VM Mutex/Monitor currently owned by a thread: None

Heap address: 0x00000000ca200000, size: 862 MB, Compressed Oops mode: 32-bit

CDS archive(s) mapped at: [0x0000029755000000-0x0000029755bd0000-0x0000029755bd0000), size 12386304, SharedBaseAddress: 0x0000029755000000, ArchiveRelocationMode: 1.
Compressed class space mapped at: 0x0000029756000000-0x0000029796000000, reserved size: 1073741824
Narrow klass base: 0x0000029755000000, Narrow klass shift: 0, Narrow klass range: 0x100000000

GC Precious Log:
 CPUs: 8 total, 8 available
 Memory: 3446M
 Large Page Support: Disabled
 NUMA Support: Disabled
 Compressed Oops: Enabled (32-bit)
 Heap Region Size: 1M
 Heap Min Capacity: 8M
 Heap Initial Capacity: 54M
 Heap Max Capacity: 862M
 Pre-touch: Disabled
 Parallel Workers: 8
 Concurrent Workers: 2
 Concurrent Refinement Workers: 8
 Periodic GC: Disabled

Heap:
 garbage-first heap   total 51200K, used 19186K [0x00000000ca200000, 0x0000000100000000)
  region size 1024K, 9 young (9216K), 4 survivors (4096K)
 Metaspace       used 25547K, committed 25792K, reserved 1114112K
  class space    used 3284K, committed 3392K, reserved 1048576K

Heap Regions: E=young(eden), S=young(survivor), O=old, HS=humongous(starts), HC=humongous(continues), CS=collection set, F=free, OA=open archive, CA=closed archive, TAMS=top-at-mark-start (previous, next)
|   0|0x00000000ca200000, 0x00000000ca300000, 0x00000000ca300000|100%|HS|  |TAMS 0x00000000ca300000, 0x00000000ca200000| Complete 
|   1|0x00000000ca300000, 0x00000000ca400000, 0x00000000ca400000|100%| O|  |TAMS 0x00000000ca400000, 0x00000000ca300000| Untracked 
|   2|0x00000000ca400000, 0x00000000ca500000, 0x00000000ca500000|100%| O|  |TAMS 0x00000000ca500000, 0x00000000ca400000| Untracked 
|   3|0x00000000ca500000, 0x00000000ca600000, 0x00000000ca600000|100%| O|  |TAMS 0x00000000ca600000, 0x00000000ca500000| Untracked 
|   4|0x00000000ca600000, 0x00000000ca700000, 0x00000000ca700000|100%| O|  |TAMS 0x00000000ca700000, 0x00000000ca600000| Untracked 
|   5|0x00000000ca700000, 0x00000000ca800000, 0x00000000ca800000|100%| O|  |TAMS 0x00000000ca800000, 0x00000000ca700000| Untracked 
|   6|0x00000000ca800000, 0x00000000ca900000, 0x00000000ca900000|100%| O|  |TAMS 0x00000000ca900000, 0x00000000ca800000| Untracked 
|   7|0x00000000ca900000, 0x00000000caa00000, 0x00000000caa00000|100%| O|  |TAMS 0x00000000caa00000, 0x00000000ca900000| Untracked 
|   8|0x00000000caa00000, 0x00000000cab00000, 0x00000000cab00000|100%| O|  |TAMS 0x00000000cab00000, 0x00000000caa00000| Untracked 
|   9|0x00000000cab00000, 0x00000000cac00000, 0x00000000cac00000|100%| O|  |TAMS 0x00000000cab18e00, 0x00000000cab00000| Untracked 
|  10|0x00000000cac00000, 0x00000000cac45a00, 0x00000000cad00000| 27%| O|  |TAMS 0x00000000cac00000, 0x00000000cac00000| Untracked 
|  11|0x00000000cad00000, 0x00000000cae00000, 0x00000000cae00000|100%| O|  |TAMS 0x00000000cad00000, 0x00000000cad00000| Untracked 
|  12|0x00000000cae00000, 0x00000000cae00000, 0x00000000caf00000|  0%| F|  |TAMS 0x00000000cae00000, 0x00000000cae00000| Untracked 
|  13|0x00000000caf00000, 0x00000000caf00000, 0x00000000cb000000|  0%| F|  |TAMS 0x00000000caf00000, 0x00000000caf00000| Untracked 
|  14|0x00000000cb000000, 0x00000000cb000000, 0x00000000cb100000|  0%| F|  |TAMS 0x00000000cb000000, 0x00000000cb000000| Untracked 
|  15|0x00000000cb100000, 0x00000000cb100000, 0x00000000cb200000|  0%| F|  |TAMS 0x00000000cb100000, 0x00000000cb100000| Untracked 
|  16|0x00000000cb200000, 0x00000000cb200000, 0x00000000cb300000|  0%| F|  |TAMS 0x00000000cb200000, 0x00000000cb200000| Untracked 
|  17|0x00000000cb300000, 0x00000000cb300000, 0x00000000cb400000|  0%| F|  |TAMS 0x00000000cb300000, 0x00000000cb300000| Untracked 
|  18|0x00000000cb400000, 0x00000000cb400000, 0x00000000cb500000|  0%| F|  |TAMS 0x00000000cb400000, 0x00000000cb400000| Untracked 
|  19|0x00000000cb500000, 0x00000000cb576ef0, 0x00000000cb600000| 46%| S|CS|TAMS 0x00000000cb500000, 0x00000000cb500000| Complete 
|  20|0x00000000cb600000, 0x00000000cb700000, 0x00000000cb700000|100%| S|CS|TAMS 0x00000000cb600000, 0x00000000cb600000| Complete 
|  21|0x00000000cb700000, 0x00000000cb800000, 0x00000000cb800000|100%| S|CS|TAMS 0x00000000cb700000, 0x00000000cb700000| Complete 
|  22|0x00000000cb800000, 0x00000000cb900000, 0x00000000cb900000|100%| S|CS|TAMS 0x00000000cb800000, 0x00000000cb800000| Complete 
|  23|0x00000000cb900000, 0x00000000cb900000, 0x00000000cba00000|  0%| F|  |TAMS 0x00000000cb900000, 0x00000000cb900000| Untracked 
|  24|0x00000000cba00000, 0x00000000cba00000, 0x00000000cbb00000|  0%| F|  |TAMS 0x00000000cba00000, 0x00000000cba00000| Untracked 
|  25|0x00000000cbb00000, 0x00000000cbb00000, 0x00000000cbc00000|  0%| F|  |TAMS 0x00000000cbb00000, 0x00000000cbb00000| Untracked 
|  26|0x00000000cbc00000, 0x00000000cbc00000, 0x00000000cbd00000|  0%| F|  |TAMS 0x00000000cbc00000, 0x00000000cbc00000| Untracked 
|  27|0x00000000cbd00000, 0x00000000cbd00000, 0x00000000cbe00000|  0%| F|  |TAMS 0x00000000cbd00000, 0x00000000cbd00000| Untracked 
|  28|0x00000000cbe00000, 0x00000000cbe00000, 0x00000000cbf00000|  0%| F|  |TAMS 0x00000000cbe00000, 0x00000000cbe00000| Untracked 
|  29|0x00000000cbf00000, 0x00000000cbf00000, 0x00000000cc000000|  0%| F|  |TAMS 0x00000000cbf00000, 0x00000000cbf00000| Untracked 
|  30|0x00000000cc000000, 0x00000000cc000000, 0x00000000cc100000|  0%| F|  |TAMS 0x00000000cc000000, 0x00000000cc000000| Untracked 
|  31|0x00000000cc100000, 0x00000000cc100000, 0x00000000cc200000|  0%| F|  |TAMS 0x00000000cc100000, 0x00000000cc100000| Untracked 
|  32|0x00000000cc200000, 0x00000000cc200000, 0x00000000cc300000|  0%| F|  |TAMS 0x00000000cc200000, 0x00000000cc200000| Untracked 
|  33|0x00000000cc300000, 0x00000000cc300000, 0x00000000cc400000|  0%| F|  |TAMS 0x00000000cc300000, 0x00000000cc300000| Untracked 
|  34|0x00000000cc400000, 0x00000000cc400000, 0x00000000cc500000|  0%| F|  |TAMS 0x00000000cc400000, 0x00000000cc400000| Untracked 
|  35|0x00000000cc500000, 0x00000000cc500000, 0x00000000cc600000|  0%| F|  |TAMS 0x00000000cc500000, 0x00000000cc500000| Untracked 
|  36|0x00000000cc600000, 0x00000000cc600000, 0x00000000cc700000|  0%| F|  |TAMS 0x00000000cc600000, 0x00000000cc600000| Untracked 
|  37|0x00000000cc700000, 0x00000000cc700000, 0x00000000cc800000|  0%| F|  |TAMS 0x00000000cc700000, 0x00000000cc700000| Untracked 
|  38|0x00000000cc800000, 0x00000000cc800000, 0x00000000cc900000|  0%| F|  |TAMS 0x00000000cc800000, 0x00000000cc800000| Untracked 
|  39|0x00000000cc900000, 0x00000000cc900000, 0x00000000cca00000|  0%| F|  |TAMS 0x00000000cc900000, 0x00000000cc900000| Untracked 
|  40|0x00000000cca00000, 0x00000000cca00000, 0x00000000ccb00000|  0%| F|  |TAMS 0x00000000cca00000, 0x00000000cca00000| Untracked 
|  41|0x00000000ccb00000, 0x00000000ccb00000, 0x00000000ccc00000|  0%| F|  |TAMS 0x00000000ccb00000, 0x00000000ccb00000| Untracked 
|  42|0x00000000ccc00000, 0x00000000ccc00000, 0x00000000ccd00000|  0%| F|  |TAMS 0x00000000ccc00000, 0x00000000ccc00000| Untracked 
|  43|0x00000000ccd00000, 0x00000000ccd00000, 0x00000000cce00000|  0%| F|  |TAMS 0x00000000ccd00000, 0x00000000ccd00000| Untracked 
|  44|0x00000000cce00000, 0x00000000cce00000, 0x00000000ccf00000|  0%| F|  |TAMS 0x00000000cce00000, 0x00000000cce00000| Untracked 
|  45|0x00000000ccf00000, 0x00000000cd000000, 0x00000000cd000000|100%| E|  |TAMS 0x00000000ccf00000, 0x00000000ccf00000| Complete 
|  46|0x00000000cd000000, 0x00000000cd100000, 0x00000000cd100000|100%| E|CS|TAMS 0x00000000cd000000, 0x00000000cd000000| Complete 
|  47|0x00000000cd100000, 0x00000000cd200000, 0x00000000cd200000|100%| E|CS|TAMS 0x00000000cd100000, 0x00000000cd100000| Complete 
|  48|0x00000000cd200000, 0x00000000cd300000, 0x00000000cd300000|100%| E|CS|TAMS 0x00000000cd200000, 0x00000000cd200000| Complete 
|  53|0x00000000cd700000, 0x00000000cd800000, 0x00000000cd800000|100%| E|CS|TAMS 0x00000000cd700000, 0x00000000cd700000| Complete 

Card table byte_map: [0x000002974f940000,0x000002974faf0000] _byte_map_base: 0x000002974f2ef000

Marking Bits (Prev, Next): (CMBitMap*) 0x0000029736cd68e0, (CMBitMap*) 0x0000029736cd68a0
 Prev Bits: [0x0000029750a20000, 0x0000029751798000)
 Next Bits: [0x000002974fca0000, 0x0000029750a18000)

Polling page: 0x000002973fd00000

Metaspace:

Usage:
  Non-class:     21.75 MB used.
      Class:      3.21 MB used.
       Both:     24.95 MB used.

Virtual space:
  Non-class space:       64.00 MB reserved,      21.94 MB ( 34%) committed,  1 nodes.
      Class space:        1.00 GB reserved,       3.31 MB ( <1%) committed,  1 nodes.
             Both:        1.06 GB reserved,      25.25 MB (  2%) committed. 

Chunk freelists:
   Non-Class:  10.05 MB
       Class:  12.50 MB
        Both:  22.55 MB

MaxMetaspaceSize: unlimited
CompressedClassSpaceSize: 1.00 GB
Initial GC threshold: 21.00 MB
Current GC threshold: 35.12 MB
CDS: on
MetaspaceReclaimPolicy: balanced
 - commit_granule_bytes: 65536.
 - commit_granule_words: 8192.
 - virtual_space_node_default_size: 8388608.
 - enlarge_chunks_in_place: 1.
 - new_chunks_are_fully_committed: 0.
 - uncommit_free_chunks: 1.
 - use_allocation_guard: 0.
 - handle_deallocations: 1.


Internal statistics:

num_allocs_failed_limit: 3.
num_arena_births: 238.
num_arena_deaths: 0.
num_vsnodes_births: 2.
num_vsnodes_deaths: 0.
num_space_committed: 404.
num_space_uncommitted: 0.
num_chunks_returned_to_freelist: 3.
num_chunks_taken_from_freelist: 1149.
num_chunk_merges: 3.
num_chunk_splits: 792.
num_chunks_enlarged: 625.
num_inconsistent_stats: 0.

CodeHeap 'non-profiled nmethods': size=120000Kb used=1410Kb max_used=1410Kb free=118589Kb
 bounds [0x00000297477f0000, 0x0000029747a60000, 0x000002974ed20000]
CodeHeap 'profiled nmethods': size=120000Kb used=7369Kb max_used=7369Kb free=112630Kb
 bounds [0x000002973fd20000, 0x0000029740460000, 0x0000029747250000]
CodeHeap 'non-nmethods': size=5760Kb used=1186Kb max_used=1226Kb free=4573Kb
 bounds [0x0000029747250000, 0x00000297474c0000, 0x00000297477f0000]
 total_blobs=3822 nmethods=3341 adapters=393
 compilation: enabled
              stopped_count=0, restarted_count=0
 full_count=0

Compilation events (20 events):
Event: 17.674 Thread 0x0000029736d71d00 3345       2       org.springframework.core.SerializableTypeWrapper::unwrap (34 bytes)
Event: 17.674 Thread 0x0000029736d71d00 nmethod 3345 0x000002974044a590 code [0x000002974044a740, 0x000002974044a958]
Event: 17.702 Thread 0x0000029736d71d00 3346       1       org.springframework.beans.factory.config.BeanDefinitionHolder::getBeanDefinition (5 bytes)
Event: 17.702 Thread 0x0000029736d71d00 nmethod 3346 0x000002974794ff90 code [0x0000029747950120, 0x00000297479501f8]
Event: 17.709 Thread 0x0000029736d71d00 3347       1       java.util.TreeMap$Entry::getValue (5 bytes)
Event: 17.709 Thread 0x0000029736d71d00 nmethod 3347 0x0000029747950290 code [0x0000029747950420, 0x00000297479504f8]
Event: 17.720 Thread 0x0000029736d71d00 3348       3       java.beans.FeatureDescriptor::setClass0 (9 bytes)
Event: 17.720 Thread 0x0000029736d71d00 nmethod 3348 0x000002974044aa10 code [0x000002974044abe0, 0x000002974044af88]
Event: 17.726 Thread 0x0000029736d71d00 3349       3       com.sun.beans.util.Cache$CacheEntry::matches (53 bytes)
Event: 17.727 Thread 0x0000029736d71d00 nmethod 3349 0x000002974044b110 code [0x000002974044b2e0, 0x000002974044b798]
Event: 17.774 Thread 0x0000029736d71d00 3351       2       jdk.internal.reflect.ReflectionFactory::copyField (11 bytes)
Event: 17.774 Thread 0x0000029736d71d00 nmethod 3351 0x000002974044b910 code [0x000002974044bac0, 0x000002974044bc28]
Event: 17.774 Thread 0x0000029736d71d00 3352       2       java.lang.reflect.ReflectAccess::copyField (5 bytes)
Event: 17.774 Thread 0x0000029736d71d00 nmethod 3352 0x000002974044bd90 code [0x000002974044bf20, 0x000002974044c048]
Event: 17.785 Thread 0x0000029736d71d00 3353       2       com.sun.beans.TypeResolver::erase (154 bytes)
Event: 17.786 Thread 0x0000029736d71d00 nmethod 3353 0x000002974044c110 code [0x000002974044c3a0, 0x000002974044cc08]
Event: 17.787 Thread 0x0000029736d71d00 3354   !   2       java.lang.reflect.Executable::sharedToGenericString (255 bytes)
Event: 17.790 Thread 0x0000029736d71d00 nmethod 3354 0x000002974044cf90 code [0x000002974044d380, 0x000002974044e068]
Event: 17.790 Thread 0x0000029736d71d00 3355       1       org.springframework.beans.GenericTypeAwarePropertyDescriptor::getReadMethod (5 bytes)
Event: 17.790 Thread 0x0000029736d71d00 nmethod 3355 0x0000029747950590 code [0x0000029747950720, 0x00000297479507f8]

GC Heap History (12 events):
Event: 4.422 GC heap before
{Heap before GC invocations=0 (full 0):
 garbage-first heap   total 55296K, used 23552K [0x00000000ca200000, 0x0000000100000000)
  region size 1024K, 23 young (23552K), 0 survivors (0K)
 Metaspace       used 5436K, committed 5568K, reserved 1114112K
  class space    used 661K, committed 704K, reserved 1048576K
}
Event: 4.495 GC heap after
{Heap after GC invocations=1 (full 0):
 garbage-first heap   total 55296K, used 8363K [0x00000000ca200000, 0x0000000100000000)
  region size 1024K, 3 young (3072K), 3 survivors (3072K)
 Metaspace       used 5436K, committed 5568K, reserved 1114112K
  class space    used 661K, committed 704K, reserved 1048576K
}
Event: 7.839 GC heap before
{Heap before GC invocations=1 (full 0):
 garbage-first heap   total 55296K, used 27819K [0x00000000ca200000, 0x0000000100000000)
  region size 1024K, 22 young (22528K), 3 survivors (3072K)
 Metaspace       used 10339K, committed 10560K, reserved 1114112K
  class space    used 1295K, committed 1408K, reserved 1048576K
}
Event: 7.854 GC heap after
{Heap after GC invocations=2 (full 0):
 garbage-first heap   total 55296K, used 9480K [0x00000000ca200000, 0x0000000100000000)
  region size 1024K, 2 young (2048K), 2 survivors (2048K)
 Metaspace       used 10339K, committed 10560K, reserved 1114112K
  class space    used 1295K, committed 1408K, reserved 1048576K
}
Event: 10.860 GC heap before
{Heap before GC invocations=2 (full 0):
 garbage-first heap   total 55296K, used 28936K [0x00000000ca200000, 0x0000000100000000)
  region size 1024K, 22 young (22528K), 2 survivors (2048K)
 Metaspace       used 15070K, committed 15296K, reserved 1114112K
  class space    used 1909K, committed 1984K, reserved 1048576K
}
Event: 10.869 GC heap after
{Heap after GC invocations=3 (full 0):
 garbage-first heap   total 55296K, used 10705K [0x00000000ca200000, 0x0000000100000000)
  region size 1024K, 3 young (3072K), 3 survivors (3072K)
 Metaspace       used 15070K, committed 15296K, reserved 1114112K
  class space    used 1909K, committed 1984K, reserved 1048576K
}
Event: 12.495 GC heap before
{Heap before GC invocations=3 (full 0):
 garbage-first heap   total 55296K, used 32209K [0x00000000ca200000, 0x0000000100000000)
  region size 1024K, 25 young (25600K), 3 survivors (3072K)
 Metaspace       used 19501K, committed 19776K, reserved 1114112K
  class space    used 2452K, committed 2560K, reserved 1048576K
}
Event: 12.503 GC heap after
{Heap after GC invocations=4 (full 0):
 garbage-first heap   total 55296K, used 11892K [0x00000000ca200000, 0x0000000100000000)
  region size 1024K, 3 young (3072K), 3 survivors (3072K)
 Metaspace       used 19501K, committed 19776K, reserved 1114112K
  class space    used 2452K, committed 2560K, reserved 1048576K
}
Event: 14.509 GC heap before
{Heap before GC invocations=4 (full 0):
 garbage-first heap   total 55296K, used 32372K [0x00000000ca200000, 0x0000000100000000)
  region size 1024K, 24 young (24576K), 3 survivors (3072K)
 Metaspace       used 21312K, committed 21504K, reserved 1114112K
  class space    used 2698K, committed 2816K, reserved 1048576K
}
Event: 14.520 GC heap after
{Heap after GC invocations=5 (full 0):
 garbage-first heap   total 55296K, used 13336K [0x00000000ca200000, 0x0000000100000000)
  region size 1024K, 3 young (3072K), 3 survivors (3072K)
 Metaspace       used 21312K, committed 21504K, reserved 1114112K
  class space    used 2698K, committed 2816K, reserved 1048576K
}
Event: 17.302 GC heap before
{Heap before GC invocations=6 (full 0):
 garbage-first heap   total 51200K, used 37912K [0x00000000ca200000, 0x0000000100000000)
  region size 1024K, 27 young (27648K), 3 survivors (3072K)
 Metaspace       used 25081K, committed 25344K, reserved 1114112K
  class space    used 3219K, committed 3328K, reserved 1048576K
}
Event: 17.327 GC heap after
{Heap after GC invocations=7 (full 0):
 garbage-first heap   total 51200K, used 15090K [0x00000000ca200000, 0x0000000100000000)
  region size 1024K, 4 young (4096K), 4 survivors (4096K)
 Metaspace       used 25081K, committed 25344K, reserved 1114112K
  class space    used 3219K, committed 3328K, reserved 1048576K
}

Deoptimization events (20 events):
Event: 16.946 Thread 0x0000029736c9dd60 Uncommon trap: trap_request=0xffffff45 fr.pc=0x00000297479228ec relative=0x00000000000005ac
Event: 16.946 Thread 0x0000029736c9dd60 Uncommon trap: reason=unstable_if action=reinterpret pc=0x00000297479228ec method=org.springframework.util.ConcurrentReferenceHashMap$Segment.findInChain(Lorg/springframework/util/ConcurrentReferenceHashMap$Reference;Ljava/lang/Object;I)Lorg/springframewo
Event: 16.946 Thread 0x0000029736c9dd60 DEOPT PACKING pc=0x00000297479228ec sp=0x000000c8a6efc650
Event: 16.946 Thread 0x0000029736c9dd60 DEOPT UNPACKING pc=0x00000297472a23a3 sp=0x000000c8a6efc618 mode 2
Event: 17.142 Thread 0x0000029736c9dd60 Uncommon trap: trap_request=0xffffff45 fr.pc=0x00000297478b83e0 relative=0x0000000000000060
Event: 17.142 Thread 0x0000029736c9dd60 Uncommon trap: reason=unstable_if action=reinterpret pc=0x00000297478b83e0 method=org.springframework.util.ConcurrentReferenceHashMap$Segment.clear()V @ 7 c2
Event: 17.142 Thread 0x0000029736c9dd60 DEOPT PACKING pc=0x00000297478b83e0 sp=0x000000c8a6efcb70
Event: 17.142 Thread 0x0000029736c9dd60 DEOPT UNPACKING pc=0x00000297472a23a3 sp=0x000000c8a6efcb00 mode 2
Event: 17.191 Thread 0x0000029736c9dd60 Uncommon trap: trap_request=0xffffff45 fr.pc=0x000002974791f548 relative=0x0000000000000ae8
Event: 17.191 Thread 0x0000029736c9dd60 Uncommon trap: reason=unstable_if action=reinterpret pc=0x000002974791f548 method=org.springframework.beans.factory.support.DefaultSingletonBeanRegistry.getSingleton(Ljava/lang/String;Z)Ljava/lang/Object; @ 20 c2
Event: 17.191 Thread 0x0000029736c9dd60 DEOPT PACKING pc=0x000002974791f548 sp=0x000000c8a6efb8e0
Event: 17.191 Thread 0x0000029736c9dd60 DEOPT UNPACKING pc=0x00000297472a23a3 sp=0x000000c8a6efb878 mode 2
Event: 17.203 Thread 0x0000029736c9dd60 Uncommon trap: trap_request=0xffffffde fr.pc=0x00000297479496d8 relative=0x0000000000000d18
Event: 17.203 Thread 0x0000029736c9dd60 Uncommon trap: reason=class_check action=maybe_recompile pc=0x00000297479496d8 method=org.springframework.beans.factory.support.AbstractBeanFactory.getBeanPostProcessorCache()Lorg/springframework/beans/factory/support/AbstractBeanFactory$BeanPostProcessor
Event: 17.203 Thread 0x0000029736c9dd60 DEOPT PACKING pc=0x00000297479496d8 sp=0x000000c8a6efc850
Event: 17.203 Thread 0x0000029736c9dd60 DEOPT UNPACKING pc=0x00000297472a23a3 sp=0x000000c8a6efc828 mode 2
Event: 17.582 Thread 0x0000029736c9dd60 Uncommon trap: trap_request=0xffffffde fr.pc=0x00000297479496d8 relative=0x0000000000000d18
Event: 17.583 Thread 0x0000029736c9dd60 Uncommon trap: reason=class_check action=maybe_recompile pc=0x00000297479496d8 method=org.springframework.beans.factory.support.AbstractBeanFactory.getBeanPostProcessorCache()Lorg/springframework/beans/factory/support/AbstractBeanFactory$BeanPostProcessor
Event: 17.584 Thread 0x0000029736c9dd60 DEOPT PACKING pc=0x00000297479496d8 sp=0x000000c8a6efc7a0
Event: 17.584 Thread 0x0000029736c9dd60 DEOPT UNPACKING pc=0x00000297472a23a3 sp=0x000000c8a6efc780 mode 2

Classes unloaded (0 events):
No events

Classes redefined (0 events):
No events

Internal exceptions (20 events):
Event: 17.647 Thread 0x0000029736c9dd60 Exception <a 'java/lang/ClassNotFoundException'{0x00000000cd1e6af0}: java/lang/ObjectCustomizer> (0x00000000cd1e6af0) 
thrown [s\open\src\hotspot\share\classfile\systemDictionary.cpp, line 256]
Event: 17.652 Thread 0x0000029736c9dd60 Exception <a 'java/lang/ClassNotFoundException'{0x00000000cd1f0930}: org/springframework/transaction/annotation/AbstractTransactionManagementConfigurationCustomizer> (0x00000000cd1f0930) 
thrown [s\open\src\hotspot\share\classfile\systemDictionary.cpp, line 256]
Event: 17.654 Thread 0x0000029736c9dd60 Exception <a 'java/lang/ClassNotFoundException'{0x00000000cd1f9698}: org/springframework/transaction/annotation/ProxyTransactionManagementConfigurationCustomizer> (0x00000000cd1f9698) 
thrown [s\open\src\hotspot\share\classfile\systemDictionary.cpp, line 256]
Event: 17.658 Thread 0x0000029736c9dd60 Exception <a 'java/lang/ClassNotFoundException'{0x00000000cd0038f0}: org/springframework/context/annotation/ImportAwareCustomizer> (0x00000000cd0038f0) 
thrown [s\open\src\hotspot\share\classfile\systemDictionary.cpp, line 256]
Event: 17.663 Thread 0x0000029736c9dd60 Exception <a 'java/lang/ClassNotFoundException'{0x00000000cd00aa40}: org/springframework/beans/factory/AwareCustomizer> (0x00000000cd00aa40) 
thrown [s\open\src\hotspot\share\classfile\systemDictionary.cpp, line 256]
Event: 17.705 Thread 0x0000029736c9dd60 Exception <a 'java/lang/ClassNotFoundException'{0x00000000cd0488c8}: java/lang/ObjectCustomizer> (0x00000000cd0488c8) 
thrown [s\open\src\hotspot\share\classfile\systemDictionary.cpp, line 256]
Event: 17.707 Thread 0x0000029736c9dd60 Exception <a 'java/lang/ClassNotFoundException'{0x00000000cd052c58}: org/springframework/transaction/interceptor/AbstractFallbackTransactionAttributeSourceCustomizer> (0x00000000cd052c58) 
thrown [s\open\src\hotspot\share\classfile\systemDictionary.cpp, line 256]
Event: 17.719 Thread 0x0000029736c9dd60 Exception <a 'java/lang/ClassNotFoundException'{0x00000000cd05c828}: org/springframework/transaction/annotation/AnnotationTransactionAttributeSourceCustomizer> (0x00000000cd05c828) 
thrown [s\open\src\hotspot\share\classfile\systemDictionary.cpp, line 256]
Event: 17.723 Thread 0x0000029736c9dd60 Exception <a 'java/lang/ClassNotFoundException'{0x00000000cd067ab8}: org/springframework/transaction/interceptor/TransactionAttributeSourceCustomizer> (0x00000000cd067ab8) 
thrown [s\open\src\hotspot\share\classfile\systemDictionary.cpp, line 256]
Event: 17.726 Thread 0x0000029736c9dd60 Exception <a 'java/lang/ClassNotFoundException'{0x00000000cd070340}: org/springframework/context/EmbeddedValueResolverAwareCustomizer> (0x00000000cd070340) 
thrown [s\open\src\hotspot\share\classfile\systemDictionary.cpp, line 256]
Event: 17.731 Thread 0x0000029736c9dd60 Exception <a 'java/lang/ClassNotFoundException'{0x00000000cd077778}: org/springframework/beans/factory/AwareCustomizer> (0x00000000cd077778) 
thrown [s\open\src\hotspot\share\classfile\systemDictionary.cpp, line 256]
Event: 17.785 Thread 0x0000029736c9dd60 Exception <a 'java/lang/ClassNotFoundException'{0x00000000cd0deed8}: java/lang/ObjectCustomizer> (0x00000000cd0deed8) 
thrown [s\open\src\hotspot\share\classfile\systemDictionary.cpp, line 256]
Event: 17.786 Thread 0x0000029736c9dd60 Exception <a 'java/lang/ClassNotFoundException'{0x00000000cd0e8da8}: org/springframework/transaction/interceptor/TransactionAspectSupportCustomizer> (0x00000000cd0e8da8) 
thrown [s\open\src\hotspot\share\classfile\systemDictionary.cpp, line 256]
Event: 17.789 Thread 0x0000029736c9dd60 Exception <a 'java/lang/ClassNotFoundException'{0x00000000cd0f9568}: org/springframework/transaction/interceptor/TransactionInterceptorCustomizer> (0x00000000cd0f9568) 
thrown [s\open\src\hotspot\share\classfile\systemDictionary.cpp, line 256]
Event: 17.792 Thread 0x0000029736c9dd60 Exception <a 'java/lang/ClassNotFoundException'{0x00000000ccf06918}: org/aopalliance/intercept/MethodInterceptorCustomizer> (0x00000000ccf06918) 
thrown [s\open\src\hotspot\share\classfile\systemDictionary.cpp, line 256]
Event: 17.794 Thread 0x0000029736c9dd60 Exception <a 'java/lang/ClassNotFoundException'{0x00000000ccf0d5b0}: org/aopalliance/intercept/InterceptorCustomizer> (0x00000000ccf0d5b0) 
thrown [s\open\src\hotspot\share\classfile\systemDictionary.cpp, line 256]
Event: 17.797 Thread 0x0000029736c9dd60 Exception <a 'java/lang/ClassNotFoundException'{0x00000000ccf13370}: org/aopalliance/aop/AdviceCustomizer> (0x00000000ccf13370) 
thrown [s\open\src\hotspot\share\classfile\systemDictionary.cpp, line 256]
Event: 17.799 Thread 0x0000029736c9dd60 Exception <a 'java/lang/ClassNotFoundException'{0x00000000ccf199f8}: org/springframework/beans/factory/BeanFactoryAwareCustomizer> (0x00000000ccf199f8) 
thrown [s\open\src\hotspot\share\classfile\systemDictionary.cpp, line 256]
Event: 17.803 Thread 0x0000029736c9dd60 Exception <a 'java/lang/ClassNotFoundException'{0x00000000ccf21470}: org/springframework/beans/factory/AwareCustomizer> (0x00000000ccf21470) 
thrown [s\open\src\hotspot\share\classfile\systemDictionary.cpp, line 256]
Event: 17.805 Thread 0x0000029736c9dd60 Exception <a 'java/lang/ClassNotFoundException'{0x00000000ccf278c8}: org/springframework/beans/factory/InitializingBeanCustomizer> (0x00000000ccf278c8) 
thrown [s\open\src\hotspot\share\classfile\systemDictionary.cpp, line 256]

VM Operations (20 events):
Event: 15.427 Executing VM operation: HandshakeAllThreads
Event: 15.427 Executing VM operation: HandshakeAllThreads done
Event: 16.294 Executing VM operation: HandshakeAllThreads
Event: 16.294 Executing VM operation: HandshakeAllThreads done
Event: 16.294 Executing VM operation: Cleanup
Event: 16.297 Executing VM operation: Cleanup done
Event: 16.320 Executing VM operation: HandshakeAllThreads
Event: 16.320 Executing VM operation: HandshakeAllThreads done
Event: 16.580 Executing VM operation: HandshakeAllThreads
Event: 16.580 Executing VM operation: HandshakeAllThreads done
Event: 16.628 Executing VM operation: HandshakeAllThreads
Event: 16.628 Executing VM operation: HandshakeAllThreads done
Event: 16.628 Executing VM operation: HandshakeAllThreads
Event: 16.628 Executing VM operation: HandshakeAllThreads done
Event: 16.631 Executing VM operation: HandshakeAllThreads
Event: 16.631 Executing VM operation: HandshakeAllThreads done
Event: 17.049 Executing VM operation: HandshakeAllThreads
Event: 17.049 Executing VM operation: HandshakeAllThreads done
Event: 17.302 Executing VM operation: G1CollectForAllocation
Event: 17.327 Executing VM operation: G1CollectForAllocation done

Events (20 events):
Event: 17.606 loading class java/lang/ObjectCustomizer
Event: 17.606 loading class java/lang/ObjectCustomizer done
Event: 17.607 loading class java/lang/ObjectCustomizer
Event: 17.607 loading class java/lang/ObjectCustomizer done
Event: 17.647 loading class java/lang/ObjectCustomizer
Event: 17.647 loading class java/lang/ObjectCustomizer done
Event: 17.647 loading class java/lang/ObjectCustomizer
Event: 17.647 loading class java/lang/ObjectCustomizer done
Event: 17.704 loading class java/lang/ObjectCustomizer
Event: 17.704 loading class java/lang/ObjectCustomizer done
Event: 17.705 loading class java/lang/ObjectCustomizer
Event: 17.705 loading class java/lang/ObjectCustomizer done
Event: 17.770 loading class java/io/ObjectOutputStream
Event: 17.771 loading class java/io/ObjectOutput
Event: 17.771 loading class java/io/ObjectOutput done
Event: 17.771 loading class java/io/ObjectOutputStream done
Event: 17.784 loading class java/lang/ObjectCustomizer
Event: 17.784 loading class java/lang/ObjectCustomizer done
Event: 17.785 loading class java/lang/ObjectCustomizer
Event: 17.785 loading class java/lang/ObjectCustomizer done


Dynamic libraries:
0x00007ff66cba0000 - 0x00007ff66cbb0000 	C:\Program Files\Java\jdk-17\bin\java.exe
0x00007fff85bd0000 - 0x00007fff85dc8000 	C:\Windows\SYSTEM32\ntdll.dll
0x00007fff84550000 - 0x00007fff8460d000 	C:\Windows\System32\KERNEL32.DLL
0x00007fff836e0000 - 0x00007fff839d6000 	C:\Windows\System32\KERNELBASE.dll
0x00007fff62c50000 - 0x00007fff62c69000 	C:\Program Files\Java\jdk-17\bin\jli.dll
0x00007fff78a80000 - 0x00007fff78a9b000 	C:\Program Files\Java\jdk-17\bin\VCRUNTIME140.dll
0x00007fff85a20000 - 0x00007fff85acf000 	C:\Windows\System32\ADVAPI32.dll
0x00007fff844b0000 - 0x00007fff8454e000 	C:\Windows\System32\msvcrt.dll
0x00007fff84af0000 - 0x00007fff84b8c000 	C:\Windows\System32\sechost.dll
0x00007fff83ce0000 - 0x00007fff83e06000 	C:\Windows\System32\RPCRT4.dll
0x00007fff83380000 - 0x00007fff83480000 	C:\Windows\System32\ucrtbase.dll
0x00007fff850d0000 - 0x00007fff8526e000 	C:\Windows\System32\USER32.dll
0x00007fff83350000 - 0x00007fff83372000 	C:\Windows\System32\win32u.dll
0x00007fff667e0000 - 0x00007fff66a7a000 	C:\Windows\WinSxS\amd64_microsoft.windows.common-controls_6595b64144ccf1df_6.0.19041.3636_none_60b6a03d71f818d5\COMCTL32.dll
0x00007fff84f60000 - 0x00007fff84f8c000 	C:\Windows\System32\GDI32.dll
0x00007fff83530000 - 0x00007fff8364a000 	C:\Windows\System32\gdi32full.dll
0x00007fff832b0000 - 0x00007fff8334d000 	C:\Windows\System32\msvcp_win.dll
0x00007fff79360000 - 0x00007fff7936a000 	C:\Windows\SYSTEM32\VERSION.dll
0x00007fff85ad0000 - 0x00007fff85b00000 	C:\Windows\System32\IMM32.DLL
0x00007fff6f6a0000 - 0x00007fff6f6ac000 	C:\Program Files\Java\jdk-17\bin\vcruntime140_1.dll
0x00007fff50470000 - 0x00007fff504fe000 	C:\Program Files\Java\jdk-17\bin\msvcp140.dll
0x00007ffeeece0000 - 0x00007ffeef8c1000 	C:\Program Files\Java\jdk-17\bin\server\jvm.dll
0x00007fff84e60000 - 0x00007fff84e68000 	C:\Windows\System32\PSAPI.DLL
0x00007fff78aa0000 - 0x00007fff78aa9000 	C:\Windows\SYSTEM32\WSOCK32.dll
0x00007fff79330000 - 0x00007fff79357000 	C:\Windows\SYSTEM32\WINMM.dll
0x00007fff84b90000 - 0x00007fff84bfb000 	C:\Windows\System32\WS2_32.dll
0x00007fff81b00000 - 0x00007fff81b12000 	C:\Windows\SYSTEM32\kernel.appcore.dll
0x00007fff6f620000 - 0x00007fff6f62a000 	C:\Program Files\Java\jdk-17\bin\jimage.dll
0x00007fff80f20000 - 0x00007fff81104000 	C:\Windows\SYSTEM32\DBGHELP.DLL
0x00007fff76990000 - 0x00007fff769c4000 	C:\Windows\SYSTEM32\dbgcore.DLL
0x00007fff83650000 - 0x00007fff836d2000 	C:\Windows\System32\bcryptPrimitives.dll
0x00007fff6f630000 - 0x00007fff6f655000 	C:\Program Files\Java\jdk-17\bin\java.dll
0x00007fff51140000 - 0x00007fff51217000 	C:\Program Files\Java\jdk-17\bin\jsvml.dll
0x00007fff852d0000 - 0x00007fff85a14000 	C:\Windows\System32\SHELL32.dll
0x00007fff81110000 - 0x00007fff818ab000 	C:\Windows\SYSTEM32\windows.storage.dll
0x00007fff84610000 - 0x00007fff84964000 	C:\Windows\System32\combase.dll
0x00007fff82c20000 - 0x00007fff82c4d000 	C:\Windows\SYSTEM32\Wldp.dll
0x00007fff84970000 - 0x00007fff84a1d000 	C:\Windows\System32\SHCORE.dll
0x00007fff84450000 - 0x00007fff844a5000 	C:\Windows\System32\shlwapi.dll
0x00007fff831e0000 - 0x00007fff83205000 	C:\Windows\SYSTEM32\profapi.dll
0x00007fff6f600000 - 0x00007fff6f619000 	C:\Program Files\Java\jdk-17\bin\net.dll
0x00007fff790f0000 - 0x00007fff791fa000 	C:\Windows\SYSTEM32\WINHTTP.dll
0x00007fff82980000 - 0x00007fff829ea000 	C:\Windows\system32\mswsock.dll
0x00007fff6f5e0000 - 0x00007fff6f5f6000 	C:\Program Files\Java\jdk-17\bin\nio.dll
0x00007fff6f5c0000 - 0x00007fff6f5d8000 	C:\Program Files\Java\jdk-17\bin\zip.dll
0x00007fff6f570000 - 0x00007fff6f57a000 	C:\Program Files\Java\jdk-17\bin\management.dll
0x00007fff6f560000 - 0x00007fff6f56b000 	C:\Program Files\Java\jdk-17\bin\management_ext.dll
0x00007fff6f5b0000 - 0x00007fff6f5c0000 	C:\Program Files\Java\jdk-17\bin\verify.dll
0x00007fff63860000 - 0x00007fff63877000 	C:\Windows\system32\napinsp.dll
0x00007fff63840000 - 0x00007fff6385b000 	C:\Windows\system32\pnrpnsp.dll
0x00007fff63820000 - 0x00007fff63835000 	C:\Windows\system32\wshbth.dll
0x00007fff7b170000 - 0x00007fff7b18d000 	C:\Windows\system32\NLAapi.dll
0x00007fff82670000 - 0x00007fff826ab000 	C:\Windows\SYSTEM32\IPHLPAPI.DLL
0x00007fff826b0000 - 0x00007fff8277a000 	C:\Windows\SYSTEM32\DNSAPI.dll
0x00007fff84f90000 - 0x00007fff84f98000 	C:\Windows\System32\NSI.dll
0x00007fff63800000 - 0x00007fff63812000 	C:\Windows\System32\winrnr.dll
0x00007fff77d50000 - 0x00007fff77d5a000 	C:\Windows\System32\rasadhlp.dll
0x00007fff780f0000 - 0x00007fff78170000 	C:\Windows\System32\fwpuclnt.dll
0x00007fff83a30000 - 0x00007fff83a57000 	C:\Windows\System32\bcrypt.dll

dbghelp: loaded successfully - version: 4.0.5 - missing functions: none
symbol engine: initialized successfully - sym options: 0x614 - pdb path: .;C:\Program Files\Java\jdk-17\bin;C:\Windows\SYSTEM32;C:\Windows\WinSxS\amd64_microsoft.windows.common-controls_6595b64144ccf1df_6.0.19041.3636_none_60b6a03d71f818d5;C:\Program Files\Java\jdk-17\bin\server

VM Arguments:
java_command: C:\Users\juanc\AppData\Local\Temp\surefire5927770375153819688\surefirebooter2825248394317409262.jar C:\Users\juanc\AppData\Local\Temp\surefire5927770375153819688 2023-11-21T16-24-45_639-jvmRun1 surefire12924345339454677800tmp surefire_015970055107997893241tmp
java_class_path (initial): C:\Users\juanc\AppData\Local\Temp\surefire5927770375153819688\surefirebooter2825248394317409262.jar
Launcher Type: SUN_STANDARD

[Global flags]
     intx CICompilerCount                          = 4                                         {product} {ergonomic}
     uint ConcGCThreads                            = 2                                         {product} {ergonomic}
     uint G1ConcRefinementThreads                  = 8                                         {product} {ergonomic}
   size_t G1HeapRegionSize                         = 1048576                                   {product} {ergonomic}
    uintx GCDrainStackTargetSize                   = 64                                        {product} {ergonomic}
   size_t InitialHeapSize                          = 56623104                                  {product} {ergonomic}
   size_t MarkStackSize                            = 4194304                                   {product} {ergonomic}
   size_t MaxHeapSize                              = 903872512                                 {product} {ergonomic}
   size_t MaxNewSize                               = 542113792                                 {product} {ergonomic}
   size_t MinHeapDeltaBytes                        = 1048576                                   {product} {ergonomic}
   size_t MinHeapSize                              = 8388608                                   {product} {ergonomic}
    uintx NonNMethodCodeHeapSize                   = 5839372                                {pd product} {ergonomic}
    uintx NonProfiledCodeHeapSize                  = 122909434                              {pd product} {ergonomic}
    uintx ProfiledCodeHeapSize                     = 122909434                              {pd product} {ergonomic}
    uintx ReservedCodeCacheSize                    = 251658240                              {pd product} {ergonomic}
     bool SegmentedCodeCache                       = true                                      {product} {ergonomic}
   size_t SoftMaxHeapSize                          = 903872512                              {manageable} {ergonomic}
     bool UseCompressedClassPointers               = true                           {product lp64_product} {ergonomic}
     bool UseCompressedOops                        = true                           {product lp64_product} {ergonomic}
     bool UseG1GC                                  = true                                      {product} {ergonomic}
     bool UseLargePagesIndividualAllocation        = false                                  {pd product} {ergonomic}

Logging:
Log output configuration:
 #0: stdout all=warning uptime,level,tags
 #1: stderr all=off uptime,level,tags

Environment Variables:
JAVA_HOME=C:\Program Files\Java\jdk-17
PATH=C:\Program Files\Common Files\Oracle\Java\javapath;C:\ProgramData\Oracle\Java\javapath;C:\Windows\system32;C:\Windows;C:\Windows\System32\Wbem;C:\Windows\System32\WindowsPowerShell\v1.0\;C:\Windows\System32\OpenSSH\;C:\Program Files\Git\cmd;C:\Program Files\Java\jdk-17\bin;C:\Program Files\nodejs\;C:\Program Files\Java\apache-maven-3.9.5\bin;C:\Program Files\Java\jre1.8.0_111\bin;C:\Program Files\Java\jdk-17\bin;C:\Users\juanc\AppData\Local\Microsoft\WindowsApps;C:\Users\juanc\AppData\Local\Programs\Microsoft VS Code\bin;C:\Users\juanc\AppData\Roaming\npm;C:\Users\juanc\AppData\Local\GitHubDesktop\bin
USERNAME=juanc
OS=Windows_NT
PROCESSOR_IDENTIFIER=AMD64 Family 23 Model 104 Stepping 1, AuthenticAMD



---------------  S Y S T E M  ---------------

OS:
 Windows 10 , 64 bit Build 19041 (10.0.19041.3636)
OS uptime: 1 days 5:52 hours

CPU: total 8 (initial active 8) (8 cores per cpu, 2 threads per core) family 23 model 104 stepping 1 microcode 0x0, cx8, cmov, fxsr, ht, mmx, 3dnowpref, sse, sse2, sse3, ssse3, sse4a, sse4.1, sse4.2, popcnt, lzcnt, tsc, tscinvbit, avx, avx2, aes, clmul, bmi1, bmi2, adx, sha, fma, vzeroupper, clflush, clflushopt

Memory: 4k page, system-wide physical 3446M (47M free)
TotalPageFile size 14198M (AvailPageFile size 6M)
current process WorkingSet (physical memory assigned to process): 139M, peak: 140M
current process commit charge ("private bytes"): 198M, peak: 199M

vm_info: Java HotSpot(TM) 64-Bit Server VM (17.0.9+11-LTS-201) for windows-amd64 JRE (17.0.9+11-LTS-201), built on Oct 10 2023 23:16:06 by "mach5one" with MS VC++ 17.1 (VS2022)

END.
